<?xml version="1.0" encoding="UTF-8"?>
<robot generator="Robot 7.2.2 (Python 3.12.3 on linux)" generated="2025-05-01T10:54:03.631675" rpa="false" schemaversion="5">
<suite id="s1" name="scenario01-Validate mandatory alert texts" source="/home/robinson/Desktop/LBHQ-Forms-automation-main/qa/lakewood-chevrolet/scenario01-Validate mandatory alert texts/scenario01-Validate mandatory alert texts.robot">
<test id="s1-t1" name="Case01: Validate mandatory alert text" line="10">
<kw name="Open All Pages with Forms" owner="keywords">
<kw name="Load Spreadsheet" owner="ExcelFormScanner">
<arg>${file_path}</arg>
<status status="PASS" start="2025-05-01T10:54:04.021322" elapsed="0.232091"/>
</kw>
<kw name="Get Urls With Form" owner="ExcelFormScanner">
<msg time="2025-05-01T10:54:04.257724" level="INFO">${urls} = ['https://lakewoodchevrolet.kinsta.cloud/certified-pre-owned-vehicles/', 'https://lakewoodchevrolet.kinsta.cloud/certified-purchase-program/', 'https://lakewoodchevrolet.kinsta.cloud/collision-checkli...</msg>
<var>${urls}</var>
<status status="PASS" start="2025-05-01T10:54:04.253764" elapsed="0.004586"/>
</kw>
<kw name="Open Browser" owner="SeleniumLibrary">
<msg time="2025-05-01T10:54:04.258933" level="INFO">Opening browser 'chrome' to base url 'about:blank'.</msg>
<arg>about:blank</arg>
<arg>chrome</arg>
<doc>Opens a new browser instance to the optional ``url``.</doc>
<status status="PASS" start="2025-05-01T10:54:04.258651" elapsed="0.722353"/>
</kw>
<for flavor="IN">
<iter>
<kw name="Run Keyword If" owner="BuiltIn">
<arg>'${url}' == ''</arg>
<arg>Continue For Loop</arg>
<doc>Runs the given keyword with the given arguments, if ``condition`` is true.</doc>
<status status="PASS" start="2025-05-01T10:54:04.982939" elapsed="0.000830"/>
</kw>
<kw name="Go To" owner="SeleniumLibrary">
<msg time="2025-05-01T10:54:04.985300" level="INFO">Opening url 'https://lakewoodchevrolet.kinsta.cloud/certified-pre-owned-vehicles/'</msg>
<arg>${url}</arg>
<doc>Navigates the current browser window to the provided ``url``.</doc>
<status status="PASS" start="2025-05-01T10:54:04.984337" elapsed="1.972329"/>
</kw>
<kw name="Log To Console" owner="BuiltIn">
<arg>🔍 Checking: ${url}</arg>
<doc>Logs the given message to the console.</doc>
<status status="PASS" start="2025-05-01T10:54:06.957059" elapsed="0.000601"/>
</kw>
<kw name="Run Keyword" owner="BuiltIn">
<kw name="Validate if the mandatory alerts are present" owner="keywords">
<kw name="Click on the submit button" owner="global-keywords">
<kw name="Run Keyword And Return Status" owner="BuiltIn">
<kw name="Element Should Be Visible" owner="SeleniumLibrary">
<msg time="2025-05-01T10:54:07.114663" level="INFO" html="true">&lt;/td&gt;&lt;/tr&gt;&lt;tr&gt;&lt;td colspan="3"&gt;&lt;a href="selenium-screenshot-1.png"&gt;&lt;img src="selenium-screenshot-1.png" width="800px"&gt;&lt;/a&gt;</msg>
<msg time="2025-05-01T10:54:07.115224" level="FAIL">5s</msg>
<arg>${PLACEHOLDERS["SUBMIT BUTTON"]}</arg>
<arg>5s</arg>
<doc>Verifies that the element identified by ``locator`` is visible.</doc>
<status status="FAIL" start="2025-05-01T10:54:06.963716" elapsed="0.153586">5s</status>
</kw>
<msg time="2025-05-01T10:54:07.117666" level="INFO">${is_present} = False</msg>
<var>${is_present}</var>
<arg>Element Should Be Visible</arg>
<arg>${PLACEHOLDERS["SUBMIT BUTTON"]}</arg>
<arg>5s</arg>
<doc>Runs the given keyword with given arguments and returns the status as a Boolean value.</doc>
<status status="PASS" start="2025-05-01T10:54:06.962413" elapsed="0.155368"/>
</kw>
<if>
<branch type="IF" condition="${is_present}">
<kw name="Wait Until Keyword Succeeds" owner="BuiltIn">
<arg>5x</arg>
<arg>1s</arg>
<arg>Element Should Be Enabled</arg>
<arg>${PLACEHOLDERS["SUBMIT BUTTON"]}</arg>
<doc>Runs the specified keyword and retries if it fails.</doc>
<status status="NOT RUN" start="2025-05-01T10:54:07.118255" elapsed="0.000132"/>
</kw>
<kw name="Click Button" owner="SeleniumLibrary">
<arg>${PLACEHOLDERS["SUBMIT BUTTON"]}</arg>
<doc>Clicks the button identified by ``locator``.</doc>
<status status="NOT RUN" start="2025-05-01T10:54:07.118531" elapsed="0.000079"/>
</kw>
<status status="NOT RUN" start="2025-05-01T10:54:07.117961" elapsed="0.000754"/>
</branch>
<branch type="ELSE">
<kw name="Log To Console" owner="BuiltIn">
<arg>⚠️ Submit button not found — skipping click</arg>
<doc>Logs the given message to the console.</doc>
<status status="PASS" start="2025-05-01T10:54:07.118920" elapsed="0.000236"/>
</kw>
<status status="PASS" start="2025-05-01T10:54:07.118800" elapsed="0.000436"/>
</branch>
<status status="PASS" start="2025-05-01T10:54:07.117910" elapsed="0.001398"/>
</if>
<status status="PASS" start="2025-05-01T10:54:06.960364" elapsed="0.159018"/>
</kw>
<kw name="Create List" owner="BuiltIn">
<msg time="2025-05-01T10:54:07.119704" level="INFO">@{missing_alerts} = [ ]</msg>
<var>@{missing_alerts}</var>
<doc>Returns a list containing given items.</doc>
<status status="PASS" start="2025-05-01T10:54:07.119501" elapsed="0.000334"/>
</kw>
<kw name="Get WebElements" owner="SeleniumLibrary">
<msg time="2025-05-01T10:54:07.136148" level="INFO">@{required_labels} = [ ]</msg>
<var>@{required_labels}</var>
<arg>xpath=//label[contains(text(), '*')]</arg>
<doc>Returns a list of WebElement objects matching the ``locator``.</doc>
<status status="PASS" start="2025-05-01T10:54:07.119964" elapsed="0.016432"/>
</kw>
<kw name="Get Location" owner="SeleniumLibrary">
<msg time="2025-05-01T10:54:07.142150" level="INFO">${url} = https://lakewoodchevrolet.kinsta.cloud/certified-pre-owned-vehicles/</msg>
<var>${url}</var>
<doc>Returns the current browser window URL.</doc>
<status status="PASS" start="2025-05-01T10:54:07.136651" elapsed="0.005798"/>
</kw>
<for flavor="IN">
<iter>
<kw name="Get Element Attribute" owner="SeleniumLibrary">
<var>${input_id}</var>
<arg>${label}</arg>
<arg>for</arg>
<doc>Returns the value of ``attribute`` from the element ``locator``.</doc>
<status status="NOT RUN" start="2025-05-01T10:54:07.143547" elapsed="0.000186"/>
</kw>
<kw name="Get WebElement" owner="SeleniumLibrary">
<var>${input}</var>
<arg>xpath=//*[@id="${input_id}"]</arg>
<doc>Returns the first WebElement matching the given ``locator``.</doc>
<status status="NOT RUN" start="2025-05-01T10:54:07.143936" elapsed="0.000105"/>
</kw>
<kw name="Get Text" owner="SeleniumLibrary">
<var>${placeholder}</var>
<arg>${input}</arg>
<doc>Returns the text value of the element identified by ``locator``.</doc>
<status status="NOT RUN" start="2025-05-01T10:54:07.144172" elapsed="0.000104"/>
</kw>
<kw name="Run Keyword And Return Status" owner="BuiltIn">
<var>${error_visible}</var>
<arg>Element Should Be Visible</arg>
<arg>xpath=//*[@id="${input_id}"]/ancestor::nf-field//div[contains(@class, "nf-error")]</arg>
<doc>Runs the given keyword with given arguments and returns the status as a Boolean value.</doc>
<status status="NOT RUN" start="2025-05-01T10:54:07.144459" elapsed="0.000106"/>
</kw>
<if>
<branch type="IF" condition="not ${error_visible}">
<kw name="Append To List" owner="Collections">
<arg>${missing_alerts}</arg>
<arg>${url} &gt; ${placeholder}</arg>
<doc>Adds ``values`` to the end of ``list``.</doc>
<status status="NOT RUN" start="2025-05-01T10:54:07.144989" elapsed="0.000122"/>
</kw>
<status status="NOT RUN" start="2025-05-01T10:54:07.144790" elapsed="0.000426"/>
</branch>
<status status="NOT RUN" start="2025-05-01T10:54:07.144737" elapsed="0.000582"/>
</if>
<kw name="Log To Console" owner="BuiltIn">
<arg>✅ ${url} &gt; Field '${placeholder}' has required error container</arg>
<doc>Logs the given message to the console.</doc>
<status status="NOT RUN" start="2025-05-01T10:54:07.145426" elapsed="0.000104"/>
</kw>
<var name="${label}"/>
<status status="NOT RUN" start="2025-05-01T10:54:07.143215" elapsed="0.002425"/>
</iter>
<var>${label}</var>
<value>@{required_labels}</value>
<status status="NOT RUN" start="2025-05-01T10:54:07.142736" elapsed="0.003035"/>
</for>
<if>
<branch type="IF" condition="${missing_alerts} != []">
<kw name="Log Many" owner="BuiltIn">
<arg>❌ Missing alert container for the following fields:\n${missing_alerts}</arg>
<doc>Logs the given messages as separate entries using the INFO level.</doc>
<status status="NOT RUN" start="2025-05-01T10:54:07.146501" elapsed="0.000106"/>
</kw>
<status status="NOT RUN" start="2025-05-01T10:54:07.145936" elapsed="0.001252"/>
</branch>
<status status="PASS" start="2025-05-01T10:54:07.145917" elapsed="0.001384"/>
</if>
<arg>${url}</arg>
<status status="PASS" start="2025-05-01T10:54:06.958772" elapsed="0.188693"/>
</kw>
<arg>${VALIDATION_KEYWORD}</arg>
<arg>${url}</arg>
<doc>Executes the given keyword with the given arguments.</doc>
<status status="PASS" start="2025-05-01T10:54:06.957985" elapsed="0.189613"/>
</kw>
<var name="${url}">https://lakewoodchevrolet.kinsta.cloud/certified-pre-owned-vehicles/</var>
<status status="PASS" start="2025-05-01T10:54:04.982478" elapsed="2.165238"/>
</iter>
<iter>
<kw name="Run Keyword If" owner="BuiltIn">
<arg>'${url}' == ''</arg>
<arg>Continue For Loop</arg>
<doc>Runs the given keyword with the given arguments, if ``condition`` is true.</doc>
<status status="PASS" start="2025-05-01T10:54:07.148073" elapsed="0.000240"/>
</kw>
<kw name="Go To" owner="SeleniumLibrary">
<msg time="2025-05-01T10:54:07.148607" level="INFO">Opening url 'https://lakewoodchevrolet.kinsta.cloud/certified-purchase-program/'</msg>
<arg>${url}</arg>
<doc>Navigates the current browser window to the provided ``url``.</doc>
<status status="PASS" start="2025-05-01T10:54:07.148446" elapsed="0.473370"/>
</kw>
<kw name="Log To Console" owner="BuiltIn">
<arg>🔍 Checking: ${url}</arg>
<doc>Logs the given message to the console.</doc>
<status status="PASS" start="2025-05-01T10:54:07.622376" elapsed="0.000465"/>
</kw>
<kw name="Run Keyword" owner="BuiltIn">
<kw name="Validate if the mandatory alerts are present" owner="keywords">
<kw name="Click on the submit button" owner="global-keywords">
<kw name="Run Keyword And Return Status" owner="BuiltIn">
<kw name="Element Should Be Visible" owner="SeleniumLibrary">
<msg time="2025-05-01T10:54:07.652226" level="INFO">Element '//input[@type="submit"]' is displayed.</msg>
<arg>${PLACEHOLDERS["SUBMIT BUTTON"]}</arg>
<arg>5s</arg>
<doc>Verifies that the element identified by ``locator`` is visible.</doc>
<status status="PASS" start="2025-05-01T10:54:07.624350" elapsed="0.028073"/>
</kw>
<msg time="2025-05-01T10:54:07.652572" level="INFO">${is_present} = True</msg>
<var>${is_present}</var>
<arg>Element Should Be Visible</arg>
<arg>${PLACEHOLDERS["SUBMIT BUTTON"]}</arg>
<arg>5s</arg>
<doc>Runs the given keyword with given arguments and returns the status as a Boolean value.</doc>
<status status="PASS" start="2025-05-01T10:54:07.624181" elapsed="0.028480"/>
</kw>
<if>
<branch type="IF" condition="${is_present}">
<kw name="Wait Until Keyword Succeeds" owner="BuiltIn">
<kw name="Element Should Be Enabled" owner="SeleniumLibrary">
<arg>${PLACEHOLDERS["SUBMIT BUTTON"]}</arg>
<doc>Verifies that element identified by ``locator`` is enabled.</doc>
<status status="PASS" start="2025-05-01T10:54:07.653217" elapsed="0.031442"/>
</kw>
<arg>5x</arg>
<arg>1s</arg>
<arg>Element Should Be Enabled</arg>
<arg>${PLACEHOLDERS["SUBMIT BUTTON"]}</arg>
<doc>Runs the specified keyword and retries if it fails.</doc>
<status status="PASS" start="2025-05-01T10:54:07.652983" elapsed="0.031844"/>
</kw>
<kw name="Click Button" owner="SeleniumLibrary">
<msg time="2025-05-01T10:54:07.685434" level="INFO">Clicking button '//input[@type="submit"]'.</msg>
<arg>${PLACEHOLDERS["SUBMIT BUTTON"]}</arg>
<doc>Clicks the button identified by ``locator``.</doc>
<status status="PASS" start="2025-05-01T10:54:07.684991" elapsed="0.218097"/>
</kw>
<status status="PASS" start="2025-05-01T10:54:07.652782" elapsed="0.250738"/>
</branch>
<branch type="ELSE">
<kw name="Log To Console" owner="BuiltIn">
<arg>⚠️ Submit button not found — skipping click</arg>
<doc>Logs the given message to the console.</doc>
<status status="NOT RUN" start="2025-05-01T10:54:07.904082" elapsed="0.000116"/>
</kw>
<status status="NOT RUN" start="2025-05-01T10:54:07.903699" elapsed="0.000635"/>
</branch>
<status status="PASS" start="2025-05-01T10:54:07.652754" elapsed="0.251673"/>
</if>
<status status="PASS" start="2025-05-01T10:54:07.623994" elapsed="0.280574"/>
</kw>
<kw name="Create List" owner="BuiltIn">
<msg time="2025-05-01T10:54:07.905402" level="INFO">@{missing_alerts} = [ ]</msg>
<var>@{missing_alerts}</var>
<doc>Returns a list containing given items.</doc>
<status status="PASS" start="2025-05-01T10:54:07.904874" elapsed="0.000944"/>
</kw>
<kw name="Get WebElements" owner="SeleniumLibrary">
<msg time="2025-05-01T10:54:07.970549" level="INFO">@{required_labels} = [ ]</msg>
<var>@{required_labels}</var>
<arg>xpath=//label[contains(text(), '*')]</arg>
<doc>Returns a list of WebElement objects matching the ``locator``.</doc>
<status status="PASS" start="2025-05-01T10:54:07.906352" elapsed="0.065013"/>
</kw>
<kw name="Get Location" owner="SeleniumLibrary">
<msg time="2025-05-01T10:54:08.004436" level="INFO">${url} = https://lakewoodchevrolet.kinsta.cloud/certified-purchase-program/</msg>
<var>${url}</var>
<doc>Returns the current browser window URL.</doc>
<status status="PASS" start="2025-05-01T10:54:07.972208" elapsed="0.032508"/>
</kw>
<for flavor="IN">
<iter>
<kw name="Get Element Attribute" owner="SeleniumLibrary">
<var>${input_id}</var>
<arg>${label}</arg>
<arg>for</arg>
<doc>Returns the value of ``attribute`` from the element ``locator``.</doc>
<status status="NOT RUN" start="2025-05-01T10:54:08.005531" elapsed="0.000141"/>
</kw>
<kw name="Get WebElement" owner="SeleniumLibrary">
<var>${input}</var>
<arg>xpath=//*[@id="${input_id}"]</arg>
<doc>Returns the first WebElement matching the given ``locator``.</doc>
<status status="NOT RUN" start="2025-05-01T10:54:08.005880" elapsed="0.000095"/>
</kw>
<kw name="Get Text" owner="SeleniumLibrary">
<var>${placeholder}</var>
<arg>${input}</arg>
<doc>Returns the text value of the element identified by ``locator``.</doc>
<status status="NOT RUN" start="2025-05-01T10:54:08.006133" elapsed="0.000091"/>
</kw>
<kw name="Run Keyword And Return Status" owner="BuiltIn">
<var>${error_visible}</var>
<arg>Element Should Be Visible</arg>
<arg>xpath=//*[@id="${input_id}"]/ancestor::nf-field//div[contains(@class, "nf-error")]</arg>
<doc>Runs the given keyword with given arguments and returns the status as a Boolean value.</doc>
<status status="NOT RUN" start="2025-05-01T10:54:08.006383" elapsed="0.000103"/>
</kw>
<if>
<branch type="IF" condition="not ${error_visible}">
<kw name="Append To List" owner="Collections">
<arg>${missing_alerts}</arg>
<arg>${url} &gt; ${placeholder}</arg>
<doc>Adds ``values`` to the end of ``list``.</doc>
<status status="NOT RUN" start="2025-05-01T10:54:08.006872" elapsed="0.000096"/>
</kw>
<status status="NOT RUN" start="2025-05-01T10:54:08.006682" elapsed="0.000402"/>
</branch>
<status status="NOT RUN" start="2025-05-01T10:54:08.006610" elapsed="0.000573"/>
</if>
<kw name="Log To Console" owner="BuiltIn">
<arg>✅ ${url} &gt; Field '${placeholder}' has required error container</arg>
<doc>Logs the given message to the console.</doc>
<status status="NOT RUN" start="2025-05-01T10:54:08.007293" elapsed="0.000095"/>
</kw>
<var name="${label}"/>
<status status="NOT RUN" start="2025-05-01T10:54:08.005280" elapsed="0.002208"/>
</iter>
<var>${label}</var>
<value>@{required_labels}</value>
<status status="NOT RUN" start="2025-05-01T10:54:08.004910" elapsed="0.002693"/>
</for>
<if>
<branch type="IF" condition="${missing_alerts} != []">
<kw name="Log Many" owner="BuiltIn">
<arg>❌ Missing alert container for the following fields:\n${missing_alerts}</arg>
<doc>Logs the given messages as separate entries using the INFO level.</doc>
<status status="NOT RUN" start="2025-05-01T10:54:08.008236" elapsed="0.000103"/>
</kw>
<status status="NOT RUN" start="2025-05-01T10:54:08.007824" elapsed="0.000637"/>
</branch>
<status status="PASS" start="2025-05-01T10:54:08.007788" elapsed="0.000766"/>
</if>
<arg>${url}</arg>
<status status="PASS" start="2025-05-01T10:54:07.623661" elapsed="0.385026"/>
</kw>
<arg>${VALIDATION_KEYWORD}</arg>
<arg>${url}</arg>
<doc>Executes the given keyword with the given arguments.</doc>
<status status="PASS" start="2025-05-01T10:54:07.623108" elapsed="0.385717"/>
</kw>
<var name="${url}">https://lakewoodchevrolet.kinsta.cloud/certified-purchase-program/</var>
<status status="PASS" start="2025-05-01T10:54:07.147908" elapsed="0.861371"/>
</iter>
<iter>
<kw name="Run Keyword If" owner="BuiltIn">
<arg>'${url}' == ''</arg>
<arg>Continue For Loop</arg>
<doc>Runs the given keyword with the given arguments, if ``condition`` is true.</doc>
<status status="PASS" start="2025-05-01T10:54:08.010510" elapsed="0.000956"/>
</kw>
<kw name="Go To" owner="SeleniumLibrary">
<msg time="2025-05-01T10:54:08.012913" level="INFO">Opening url 'https://lakewoodchevrolet.kinsta.cloud/collision-checklist/'</msg>
<arg>${url}</arg>
<doc>Navigates the current browser window to the provided ``url``.</doc>
<status status="PASS" start="2025-05-01T10:54:08.012108" elapsed="0.603863"/>
</kw>
<kw name="Log To Console" owner="BuiltIn">
<arg>🔍 Checking: ${url}</arg>
<doc>Logs the given message to the console.</doc>
<status status="PASS" start="2025-05-01T10:54:08.616908" elapsed="0.001324"/>
</kw>
<kw name="Run Keyword" owner="BuiltIn">
<kw name="Validate if the mandatory alerts are present" owner="keywords">
<kw name="Click on the submit button" owner="global-keywords">
<kw name="Run Keyword And Return Status" owner="BuiltIn">
<kw name="Element Should Be Visible" owner="SeleniumLibrary">
<msg time="2025-05-01T10:54:08.639535" level="INFO">Element '//input[@type="submit"]' is displayed.</msg>
<arg>${PLACEHOLDERS["SUBMIT BUTTON"]}</arg>
<arg>5s</arg>
<doc>Verifies that the element identified by ``locator`` is visible.</doc>
<status status="PASS" start="2025-05-01T10:54:08.620784" elapsed="0.018950"/>
</kw>
<msg time="2025-05-01T10:54:08.639884" level="INFO">${is_present} = True</msg>
<var>${is_present}</var>
<arg>Element Should Be Visible</arg>
<arg>${PLACEHOLDERS["SUBMIT BUTTON"]}</arg>
<arg>5s</arg>
<doc>Runs the given keyword with given arguments and returns the status as a Boolean value.</doc>
<status status="PASS" start="2025-05-01T10:54:08.620340" elapsed="0.019602"/>
</kw>
<if>
<branch type="IF" condition="${is_present}">
<kw name="Wait Until Keyword Succeeds" owner="BuiltIn">
<kw name="Element Should Be Enabled" owner="SeleniumLibrary">
<arg>${PLACEHOLDERS["SUBMIT BUTTON"]}</arg>
<doc>Verifies that element identified by ``locator`` is enabled.</doc>
<status status="PASS" start="2025-05-01T10:54:08.640499" elapsed="0.031857"/>
</kw>
<arg>5x</arg>
<arg>1s</arg>
<arg>Element Should Be Enabled</arg>
<arg>${PLACEHOLDERS["SUBMIT BUTTON"]}</arg>
<doc>Runs the specified keyword and retries if it fails.</doc>
<status status="PASS" start="2025-05-01T10:54:08.640270" elapsed="0.032261"/>
</kw>
<kw name="Click Button" owner="SeleniumLibrary">
<msg time="2025-05-01T10:54:08.673145" level="INFO">Clicking button '//input[@type="submit"]'.</msg>
<arg>${PLACEHOLDERS["SUBMIT BUTTON"]}</arg>
<doc>Clicks the button identified by ``locator``.</doc>
<status status="PASS" start="2025-05-01T10:54:08.672712" elapsed="0.165423"/>
</kw>
<status status="PASS" start="2025-05-01T10:54:08.640060" elapsed="0.198360"/>
</branch>
<branch type="ELSE">
<kw name="Log To Console" owner="BuiltIn">
<arg>⚠️ Submit button not found — skipping click</arg>
<doc>Logs the given message to the console.</doc>
<status status="NOT RUN" start="2025-05-01T10:54:08.838926" elapsed="0.000141"/>
</kw>
<status status="NOT RUN" start="2025-05-01T10:54:08.838581" elapsed="0.000629"/>
</branch>
<status status="PASS" start="2025-05-01T10:54:08.640032" elapsed="0.199305"/>
</if>
<status status="PASS" start="2025-05-01T10:54:08.620010" elapsed="0.219422"/>
</kw>
<kw name="Create List" owner="BuiltIn">
<msg time="2025-05-01T10:54:08.839886" level="INFO">@{missing_alerts} = [ ]</msg>
<var>@{missing_alerts}</var>
<doc>Returns a list containing given items.</doc>
<status status="PASS" start="2025-05-01T10:54:08.839668" elapsed="0.000337"/>
</kw>
<kw name="Get WebElements" owner="SeleniumLibrary">
<msg time="2025-05-01T10:54:08.874776" level="INFO">@{required_labels} = [ &lt;selenium.webdriver.remote.webelement.WebElement (session="e777907bc96eff308c12c0437c6cd547", element="f.14D0276D701224673F82315CDC9BA274.d.8D95D0AEC4524754F0644F8695F437E2.e.283")&gt; ]</msg>
<var>@{required_labels}</var>
<arg>xpath=//label[contains(text(), '*')]</arg>
<doc>Returns a list of WebElement objects matching the ``locator``.</doc>
<status status="PASS" start="2025-05-01T10:54:08.840134" elapsed="0.034845"/>
</kw>
<kw name="Get Location" owner="SeleniumLibrary">
<msg time="2025-05-01T10:54:08.885595" level="INFO">${url} = https://lakewoodchevrolet.kinsta.cloud/collision-checklist/</msg>
<var>${url}</var>
<doc>Returns the current browser window URL.</doc>
<status status="PASS" start="2025-05-01T10:54:08.875184" elapsed="0.010621"/>
</kw>
<for flavor="IN">
<iter>
<kw name="Get Element Attribute" owner="SeleniumLibrary">
<msg time="2025-05-01T10:54:08.895951" level="INFO">${input_id} = nf-field-420</msg>
<var>${input_id}</var>
<arg>${label}</arg>
<arg>for</arg>
<doc>Returns the value of ``attribute`` from the element ``locator``.</doc>
<status status="PASS" start="2025-05-01T10:54:08.886751" elapsed="0.009567"/>
</kw>
<kw name="Get WebElement" owner="SeleniumLibrary">
<msg time="2025-05-01T10:54:08.912838" level="INFO">${input} = &lt;selenium.webdriver.remote.webelement.WebElement (session="e777907bc96eff308c12c0437c6cd547", element="f.14D0276D701224673F82315CDC9BA274.d.8D95D0AEC4524754F0644F8695F437E2.e.188")&gt;</msg>
<var>${input}</var>
<arg>xpath=//*[@id="${input_id}"]</arg>
<doc>Returns the first WebElement matching the given ``locator``.</doc>
<status status="PASS" start="2025-05-01T10:54:08.896789" elapsed="0.016454"/>
</kw>
<kw name="Get Text" owner="SeleniumLibrary">
<msg time="2025-05-01T10:54:08.934194" level="INFO">${placeholder} =         
 
 TIME(*)
 
 9:00 AM
 
 9:30 AM
 
 10:00 AM
 
 10:30 AM
 
 11:00 AM
 
 11:30 AM
 
 12:00 PM
 
 12:30 PM
 
 1:00 PM
 
 1:30 PM
 
 2:00 PM
 
 2:30 PM
 
 3:00 PM
    </msg>
<var>${placeholder}</var>
<arg>${input}</arg>
<doc>Returns the text value of the element identified by ``locator``.</doc>
<status status="PASS" start="2025-05-01T10:54:08.913508" elapsed="0.020902"/>
</kw>
<kw name="Run Keyword And Return Status" owner="BuiltIn">
<kw name="Element Should Be Visible" owner="SeleniumLibrary">
<msg time="2025-05-01T10:54:09.039358" level="INFO" html="true">&lt;/td&gt;&lt;/tr&gt;&lt;tr&gt;&lt;td colspan="3"&gt;&lt;a href="selenium-screenshot-2.png"&gt;&lt;img src="selenium-screenshot-2.png" width="800px"&gt;&lt;/a&gt;</msg>
<msg time="2025-05-01T10:54:09.039659" level="FAIL">The element 'xpath=//*[@id="nf-field-420"]/ancestor::nf-field//div[contains(@class, "nf-error")]' should be visible, but it is not.</msg>
<arg>xpath=//*[@id="${input_id}"]/ancestor::nf-field//div[contains(@class, "nf-error")]</arg>
<doc>Verifies that the element identified by ``locator`` is visible.</doc>
<status status="FAIL" start="2025-05-01T10:54:08.934921" elapsed="0.105193">The element 'xpath=//*[@id="nf-field-420"]/ancestor::nf-field//div[contains(@class, "nf-error")]' should be visible, but it is not.</status>
</kw>
<msg time="2025-05-01T10:54:09.040336" level="INFO">${error_visible} = False</msg>
<var>${error_visible}</var>
<arg>Element Should Be Visible</arg>
<arg>xpath=//*[@id="${input_id}"]/ancestor::nf-field//div[contains(@class, "nf-error")]</arg>
<doc>Runs the given keyword with given arguments and returns the status as a Boolean value.</doc>
<status status="PASS" start="2025-05-01T10:54:08.934666" elapsed="0.105762"/>
</kw>
<if>
<branch type="IF" condition="not ${error_visible}">
<kw name="Append To List" owner="Collections">
<arg>${missing_alerts}</arg>
<arg>${url} &gt; ${placeholder}</arg>
<doc>Adds ``values`` to the end of ``list``.</doc>
<status status="PASS" start="2025-05-01T10:54:09.040927" elapsed="0.000252"/>
</kw>
<status status="PASS" start="2025-05-01T10:54:09.040587" elapsed="0.000708"/>
</branch>
<status status="PASS" start="2025-05-01T10:54:09.040546" elapsed="0.000833"/>
</if>
<kw name="Log To Console" owner="BuiltIn">
<arg>✅ ${url} &gt; Field '${placeholder}' has required error container</arg>
<doc>Logs the given message to the console.</doc>
<status status="PASS" start="2025-05-01T10:54:09.041484" elapsed="0.000352"/>
</kw>
<var name="${label}">&lt;selenium.webdriver.remote.webelement.WebElement (session="e777907bc96eff308c12c0437c6cd547", element="f.14D0276D701224673F82315CDC9BA274.d.8D95D0AEC4524754F0644F8695F437E2.e.283")&gt;</var>
<status status="PASS" start="2025-05-01T10:54:08.886456" elapsed="0.155742"/>
</iter>
<var>${label}</var>
<value>@{required_labels}</value>
<status status="PASS" start="2025-05-01T10:54:08.886028" elapsed="0.156351"/>
</for>
<if>
<branch type="IF" condition="${missing_alerts} != []">
<kw name="Log Many" owner="BuiltIn">
<msg time="2025-05-01T10:54:09.043835" level="INFO">❌ Missing alert container for the following fields:
['https://lakewoodchevrolet.kinsta.cloud/collision-checklist/ &gt;         \n \n TIME(*)\n \n 9:00 AM\n \n 9:30 AM\n \n 10:00 AM\n \n 10:30 AM\n \n 11:00 AM\n \n 11:30 AM\n \n 12:00 PM\n \n 12:30 PM\n \n 1:00 PM\n \n 1:30 PM\n \n 2:00 PM\n \n 2:30 PM\n \n 3:00 PM\n    ']</msg>
<arg>❌ Missing alert container for the following fields:\n${missing_alerts}</arg>
<doc>Logs the given messages as separate entries using the INFO level.</doc>
<status status="PASS" start="2025-05-01T10:54:09.043351" elapsed="0.000829"/>
</kw>
<status status="PASS" start="2025-05-01T10:54:09.042649" elapsed="0.001671"/>
</branch>
<status status="PASS" start="2025-05-01T10:54:09.042576" elapsed="0.001855"/>
</if>
<arg>${url}</arg>
<status status="PASS" start="2025-05-01T10:54:08.619347" elapsed="0.425219"/>
</kw>
<arg>${VALIDATION_KEYWORD}</arg>
<arg>${url}</arg>
<doc>Executes the given keyword with the given arguments.</doc>
<status status="PASS" start="2025-05-01T10:54:08.618570" elapsed="0.426179"/>
</kw>
<var name="${url}">https://lakewoodchevrolet.kinsta.cloud/collision-checklist/</var>
<status status="PASS" start="2025-05-01T10:54:08.009853" elapsed="1.035001"/>
</iter>
<iter>
<kw name="Run Keyword If" owner="BuiltIn">
<arg>'${url}' == ''</arg>
<arg>Continue For Loop</arg>
<doc>Runs the given keyword with the given arguments, if ``condition`` is true.</doc>
<status status="PASS" start="2025-05-01T10:54:09.045466" elapsed="0.000406"/>
</kw>
<kw name="Go To" owner="SeleniumLibrary">
<msg time="2025-05-01T10:54:09.046269" level="INFO">Opening url 'https://lakewoodchevrolet.kinsta.cloud/contact-us/'</msg>
<arg>${url}</arg>
<doc>Navigates the current browser window to the provided ``url``.</doc>
<status status="PASS" start="2025-05-01T10:54:09.046015" elapsed="0.414350"/>
</kw>
<kw name="Log To Console" owner="BuiltIn">
<arg>🔍 Checking: ${url}</arg>
<doc>Logs the given message to the console.</doc>
<status status="PASS" start="2025-05-01T10:54:09.460991" elapsed="0.000701"/>
</kw>
<kw name="Run Keyword" owner="BuiltIn">
<kw name="Validate if the mandatory alerts are present" owner="keywords">
<kw name="Click on the submit button" owner="global-keywords">
<kw name="Run Keyword And Return Status" owner="BuiltIn">
<kw name="Element Should Be Visible" owner="SeleniumLibrary">
<msg time="2025-05-01T10:54:09.484275" level="INFO">Element '//input[@type="submit"]' is displayed.</msg>
<arg>${PLACEHOLDERS["SUBMIT BUTTON"]}</arg>
<arg>5s</arg>
<doc>Verifies that the element identified by ``locator`` is visible.</doc>
<status status="PASS" start="2025-05-01T10:54:09.463999" elapsed="0.020701"/>
</kw>
<msg time="2025-05-01T10:54:09.485065" level="INFO">${is_present} = True</msg>
<var>${is_present}</var>
<arg>Element Should Be Visible</arg>
<arg>${PLACEHOLDERS["SUBMIT BUTTON"]}</arg>
<arg>5s</arg>
<doc>Runs the given keyword with given arguments and returns the status as a Boolean value.</doc>
<status status="PASS" start="2025-05-01T10:54:09.463536" elapsed="0.021589"/>
</kw>
<if>
<branch type="IF" condition="${is_present}">
<kw name="Wait Until Keyword Succeeds" owner="BuiltIn">
<kw name="Element Should Be Enabled" owner="SeleniumLibrary">
<arg>${PLACEHOLDERS["SUBMIT BUTTON"]}</arg>
<doc>Verifies that element identified by ``locator`` is enabled.</doc>
<status status="PASS" start="2025-05-01T10:54:09.485751" elapsed="0.056112"/>
</kw>
<arg>5x</arg>
<arg>1s</arg>
<arg>Element Should Be Enabled</arg>
<arg>${PLACEHOLDERS["SUBMIT BUTTON"]}</arg>
<doc>Runs the specified keyword and retries if it fails.</doc>
<status status="PASS" start="2025-05-01T10:54:09.485493" elapsed="0.056795"/>
</kw>
<kw name="Click Button" owner="SeleniumLibrary">
<msg time="2025-05-01T10:54:09.544322" level="INFO">Clicking button '//input[@type="submit"]'.</msg>
<arg>${PLACEHOLDERS["SUBMIT BUTTON"]}</arg>
<doc>Clicks the button identified by ``locator``.</doc>
<status status="PASS" start="2025-05-01T10:54:09.542684" elapsed="0.176999"/>
</kw>
<status status="PASS" start="2025-05-01T10:54:09.485256" elapsed="0.234680"/>
</branch>
<branch type="ELSE">
<kw name="Log To Console" owner="BuiltIn">
<arg>⚠️ Submit button not found — skipping click</arg>
<doc>Logs the given message to the console.</doc>
<status status="NOT RUN" start="2025-05-01T10:54:09.720264" elapsed="0.000083"/>
</kw>
<status status="NOT RUN" start="2025-05-01T10:54:09.720041" elapsed="0.000388"/>
</branch>
<status status="PASS" start="2025-05-01T10:54:09.485224" elapsed="0.235273"/>
</if>
<status status="PASS" start="2025-05-01T10:54:09.463226" elapsed="0.257338"/>
</kw>
<kw name="Create List" owner="BuiltIn">
<msg time="2025-05-01T10:54:09.720935" level="INFO">@{missing_alerts} = [ ]</msg>
<var>@{missing_alerts}</var>
<doc>Returns a list containing given items.</doc>
<status status="PASS" start="2025-05-01T10:54:09.720723" elapsed="0.000326"/>
</kw>
<kw name="Get WebElements" owner="SeleniumLibrary">
<msg time="2025-05-01T10:54:09.734562" level="INFO">@{required_labels} = [ ]</msg>
<var>@{required_labels}</var>
<arg>xpath=//label[contains(text(), '*')]</arg>
<doc>Returns a list of WebElement objects matching the ``locator``.</doc>
<status status="PASS" start="2025-05-01T10:54:09.721185" elapsed="0.013671"/>
</kw>
<kw name="Get Location" owner="SeleniumLibrary">
<msg time="2025-05-01T10:54:09.739816" level="INFO">${url} = https://lakewoodchevrolet.kinsta.cloud/contact-us/</msg>
<var>${url}</var>
<doc>Returns the current browser window URL.</doc>
<status status="PASS" start="2025-05-01T10:54:09.735076" elapsed="0.004904"/>
</kw>
<for flavor="IN">
<iter>
<kw name="Get Element Attribute" owner="SeleniumLibrary">
<var>${input_id}</var>
<arg>${label}</arg>
<arg>for</arg>
<doc>Returns the value of ``attribute`` from the element ``locator``.</doc>
<status status="NOT RUN" start="2025-05-01T10:54:09.740461" elapsed="0.000086"/>
</kw>
<kw name="Get WebElement" owner="SeleniumLibrary">
<var>${input}</var>
<arg>xpath=//*[@id="${input_id}"]</arg>
<doc>Returns the first WebElement matching the given ``locator``.</doc>
<status status="NOT RUN" start="2025-05-01T10:54:09.740676" elapsed="0.000072"/>
</kw>
<kw name="Get Text" owner="SeleniumLibrary">
<var>${placeholder}</var>
<arg>${input}</arg>
<doc>Returns the text value of the element identified by ``locator``.</doc>
<status status="NOT RUN" start="2025-05-01T10:54:09.740870" elapsed="0.000083"/>
</kw>
<kw name="Run Keyword And Return Status" owner="BuiltIn">
<var>${error_visible}</var>
<arg>Element Should Be Visible</arg>
<arg>xpath=//*[@id="${input_id}"]/ancestor::nf-field//div[contains(@class, "nf-error")]</arg>
<doc>Runs the given keyword with given arguments and returns the status as a Boolean value.</doc>
<status status="NOT RUN" start="2025-05-01T10:54:09.741118" elapsed="0.000103"/>
</kw>
<if>
<branch type="IF" condition="not ${error_visible}">
<kw name="Append To List" owner="Collections">
<arg>${missing_alerts}</arg>
<arg>${url} &gt; ${placeholder}</arg>
<doc>Adds ``values`` to the end of ``list``.</doc>
<status status="NOT RUN" start="2025-05-01T10:54:09.741447" elapsed="0.000069"/>
</kw>
<status status="NOT RUN" start="2025-05-01T10:54:09.741327" elapsed="0.000263"/>
</branch>
<status status="NOT RUN" start="2025-05-01T10:54:09.741306" elapsed="0.000368"/>
</if>
<kw name="Log To Console" owner="BuiltIn">
<arg>✅ ${url} &gt; Field '${placeholder}' has required error container</arg>
<doc>Logs the given message to the console.</doc>
<status status="NOT RUN" start="2025-05-01T10:54:09.741734" elapsed="0.000066"/>
</kw>
<var name="${label}"/>
<status status="NOT RUN" start="2025-05-01T10:54:09.740307" elapsed="0.001702"/>
</iter>
<var>${label}</var>
<value>@{required_labels}</value>
<status status="NOT RUN" start="2025-05-01T10:54:09.740091" elapsed="0.002012"/>
</for>
<if>
<branch type="IF" condition="${missing_alerts} != []">
<kw name="Log Many" owner="BuiltIn">
<arg>❌ Missing alert container for the following fields:\n${missing_alerts}</arg>
<doc>Logs the given messages as separate entries using the INFO level.</doc>
<status status="NOT RUN" start="2025-05-01T10:54:09.742717" elapsed="0.000097"/>
</kw>
<status status="NOT RUN" start="2025-05-01T10:54:09.742262" elapsed="0.000730"/>
</branch>
<status status="PASS" start="2025-05-01T10:54:09.742240" elapsed="0.000856"/>
</if>
<arg>${url}</arg>
<status status="PASS" start="2025-05-01T10:54:09.462601" elapsed="0.280673"/>
</kw>
<arg>${VALIDATION_KEYWORD}</arg>
<arg>${url}</arg>
<doc>Executes the given keyword with the given arguments.</doc>
<status status="PASS" start="2025-05-01T10:54:09.461894" elapsed="0.281553"/>
</kw>
<var name="${url}">https://lakewoodchevrolet.kinsta.cloud/contact-us/</var>
<status status="PASS" start="2025-05-01T10:54:09.045127" elapsed="0.698420"/>
</iter>
<iter>
<kw name="Run Keyword If" owner="BuiltIn">
<arg>'${url}' == ''</arg>
<arg>Continue For Loop</arg>
<doc>Runs the given keyword with the given arguments, if ``condition`` is true.</doc>
<status status="PASS" start="2025-05-01T10:54:09.744308" elapsed="0.000704"/>
</kw>
<kw name="Go To" owner="SeleniumLibrary">
<msg time="2025-05-01T10:54:09.745801" level="INFO">Opening url 'https://lakewoodchevrolet.kinsta.cloud/customs-accessories/'</msg>
<arg>${url}</arg>
<doc>Navigates the current browser window to the provided ``url``.</doc>
<status status="PASS" start="2025-05-01T10:54:09.745397" elapsed="0.406043"/>
</kw>
<kw name="Log To Console" owner="BuiltIn">
<arg>🔍 Checking: ${url}</arg>
<doc>Logs the given message to the console.</doc>
<status status="PASS" start="2025-05-01T10:54:10.151747" elapsed="0.000381"/>
</kw>
<kw name="Run Keyword" owner="BuiltIn">
<kw name="Validate if the mandatory alerts are present" owner="keywords">
<kw name="Click on the submit button" owner="global-keywords">
<kw name="Run Keyword And Return Status" owner="BuiltIn">
<kw name="Element Should Be Visible" owner="SeleniumLibrary">
<msg time="2025-05-01T10:54:10.173188" level="INFO">Element '//input[@type="submit"]' is displayed.</msg>
<arg>${PLACEHOLDERS["SUBMIT BUTTON"]}</arg>
<arg>5s</arg>
<doc>Verifies that the element identified by ``locator`` is visible.</doc>
<status status="PASS" start="2025-05-01T10:54:10.153825" elapsed="0.019581"/>
</kw>
<msg time="2025-05-01T10:54:10.173699" level="INFO">${is_present} = True</msg>
<var>${is_present}</var>
<arg>Element Should Be Visible</arg>
<arg>${PLACEHOLDERS["SUBMIT BUTTON"]}</arg>
<arg>5s</arg>
<doc>Runs the given keyword with given arguments and returns the status as a Boolean value.</doc>
<status status="PASS" start="2025-05-01T10:54:10.153598" elapsed="0.020226"/>
</kw>
<if>
<branch type="IF" condition="${is_present}">
<kw name="Wait Until Keyword Succeeds" owner="BuiltIn">
<kw name="Element Should Be Enabled" owner="SeleniumLibrary">
<arg>${PLACEHOLDERS["SUBMIT BUTTON"]}</arg>
<doc>Verifies that element identified by ``locator`` is enabled.</doc>
<status status="PASS" start="2025-05-01T10:54:10.174578" elapsed="0.025872"/>
</kw>
<arg>5x</arg>
<arg>1s</arg>
<arg>Element Should Be Enabled</arg>
<arg>${PLACEHOLDERS["SUBMIT BUTTON"]}</arg>
<doc>Runs the specified keyword and retries if it fails.</doc>
<status status="PASS" start="2025-05-01T10:54:10.174353" elapsed="0.026569"/>
</kw>
<kw name="Click Button" owner="SeleniumLibrary">
<msg time="2025-05-01T10:54:10.201856" level="INFO">Clicking button '//input[@type="submit"]'.</msg>
<arg>${PLACEHOLDERS["SUBMIT BUTTON"]}</arg>
<doc>Clicks the button identified by ``locator``.</doc>
<status status="PASS" start="2025-05-01T10:54:10.201237" elapsed="0.116009"/>
</kw>
<status status="PASS" start="2025-05-01T10:54:10.174048" elapsed="0.143621"/>
</branch>
<branch type="ELSE">
<kw name="Log To Console" owner="BuiltIn">
<arg>⚠️ Submit button not found — skipping click</arg>
<doc>Logs the given message to the console.</doc>
<status status="NOT RUN" start="2025-05-01T10:54:10.318027" elapsed="0.000077"/>
</kw>
<status status="NOT RUN" start="2025-05-01T10:54:10.317806" elapsed="0.000370"/>
</branch>
<status status="PASS" start="2025-05-01T10:54:10.174004" elapsed="0.144234"/>
</if>
<status status="PASS" start="2025-05-01T10:54:10.153083" elapsed="0.165218"/>
</kw>
<kw name="Create List" owner="BuiltIn">
<msg time="2025-05-01T10:54:10.318615" level="INFO">@{missing_alerts} = [ ]</msg>
<var>@{missing_alerts}</var>
<doc>Returns a list containing given items.</doc>
<status status="PASS" start="2025-05-01T10:54:10.318418" elapsed="0.000326"/>
</kw>
<kw name="Get WebElements" owner="SeleniumLibrary">
<msg time="2025-05-01T10:54:10.331687" level="INFO">@{required_labels} = [ ]</msg>
<var>@{required_labels}</var>
<arg>xpath=//label[contains(text(), '*')]</arg>
<doc>Returns a list of WebElement objects matching the ``locator``.</doc>
<status status="PASS" start="2025-05-01T10:54:10.318867" elapsed="0.013156"/>
</kw>
<kw name="Get Location" owner="SeleniumLibrary">
<msg time="2025-05-01T10:54:10.338424" level="INFO">${url} = https://lakewoodchevrolet.kinsta.cloud/customs-accessories/</msg>
<var>${url}</var>
<doc>Returns the current browser window URL.</doc>
<status status="PASS" start="2025-05-01T10:54:10.332485" elapsed="0.006166"/>
</kw>
<for flavor="IN">
<iter>
<kw name="Get Element Attribute" owner="SeleniumLibrary">
<var>${input_id}</var>
<arg>${label}</arg>
<arg>for</arg>
<doc>Returns the value of ``attribute`` from the element ``locator``.</doc>
<status status="NOT RUN" start="2025-05-01T10:54:10.339178" elapsed="0.000082"/>
</kw>
<kw name="Get WebElement" owner="SeleniumLibrary">
<var>${input}</var>
<arg>xpath=//*[@id="${input_id}"]</arg>
<doc>Returns the first WebElement matching the given ``locator``.</doc>
<status status="NOT RUN" start="2025-05-01T10:54:10.339373" elapsed="0.000068"/>
</kw>
<kw name="Get Text" owner="SeleniumLibrary">
<var>${placeholder}</var>
<arg>${input}</arg>
<doc>Returns the text value of the element identified by ``locator``.</doc>
<status status="NOT RUN" start="2025-05-01T10:54:10.339546" elapsed="0.000066"/>
</kw>
<kw name="Run Keyword And Return Status" owner="BuiltIn">
<var>${error_visible}</var>
<arg>Element Should Be Visible</arg>
<arg>xpath=//*[@id="${input_id}"]/ancestor::nf-field//div[contains(@class, "nf-error")]</arg>
<doc>Runs the given keyword with given arguments and returns the status as a Boolean value.</doc>
<status status="NOT RUN" start="2025-05-01T10:54:10.339744" elapsed="0.000085"/>
</kw>
<if>
<branch type="IF" condition="not ${error_visible}">
<kw name="Append To List" owner="Collections">
<arg>${missing_alerts}</arg>
<arg>${url} &gt; ${placeholder}</arg>
<doc>Adds ``values`` to the end of ``list``.</doc>
<status status="NOT RUN" start="2025-05-01T10:54:10.340024" elapsed="0.000068"/>
</kw>
<status status="NOT RUN" start="2025-05-01T10:54:10.339922" elapsed="0.000240"/>
</branch>
<status status="NOT RUN" start="2025-05-01T10:54:10.339904" elapsed="0.000325"/>
</if>
<kw name="Log To Console" owner="BuiltIn">
<arg>✅ ${url} &gt; Field '${placeholder}' has required error container</arg>
<doc>Logs the given message to the console.</doc>
<status status="NOT RUN" start="2025-05-01T10:54:10.340289" elapsed="0.000061"/>
</kw>
<var name="${label}"/>
<status status="NOT RUN" start="2025-05-01T10:54:10.339016" elapsed="0.001402"/>
</iter>
<var>${label}</var>
<value>@{required_labels}</value>
<status status="NOT RUN" start="2025-05-01T10:54:10.338778" elapsed="0.001713"/>
</for>
<if>
<branch type="IF" condition="${missing_alerts} != []">
<kw name="Log Many" owner="BuiltIn">
<arg>❌ Missing alert container for the following fields:\n${missing_alerts}</arg>
<doc>Logs the given messages as separate entries using the INFO level.</doc>
<status status="NOT RUN" start="2025-05-01T10:54:10.340780" elapsed="0.000062"/>
</kw>
<status status="NOT RUN" start="2025-05-01T10:54:10.340589" elapsed="0.000595"/>
</branch>
<status status="PASS" start="2025-05-01T10:54:10.340575" elapsed="0.000795"/>
</if>
<arg>${url}</arg>
<status status="PASS" start="2025-05-01T10:54:10.152748" elapsed="0.188735"/>
</kw>
<arg>${VALIDATION_KEYWORD}</arg>
<arg>${url}</arg>
<doc>Executes the given keyword with the given arguments.</doc>
<status status="PASS" start="2025-05-01T10:54:10.152293" elapsed="0.189354"/>
</kw>
<var name="${url}">https://lakewoodchevrolet.kinsta.cloud/customs-accessories/</var>
<status status="PASS" start="2025-05-01T10:54:09.743891" elapsed="0.597840"/>
</iter>
<iter>
<kw name="Run Keyword If" owner="BuiltIn">
<arg>'${url}' == ''</arg>
<arg>Continue For Loop</arg>
<doc>Runs the given keyword with the given arguments, if ``condition`` is true.</doc>
<status status="PASS" start="2025-05-01T10:54:10.342068" elapsed="0.000252"/>
</kw>
<kw name="Go To" owner="SeleniumLibrary">
<msg time="2025-05-01T10:54:10.342674" level="INFO">Opening url 'https://lakewoodchevrolet.kinsta.cloud/demo-inventory/'</msg>
<arg>${url}</arg>
<doc>Navigates the current browser window to the provided ``url``.</doc>
<status status="PASS" start="2025-05-01T10:54:10.342449" elapsed="0.549485"/>
</kw>
<kw name="Log To Console" owner="BuiltIn">
<arg>🔍 Checking: ${url}</arg>
<doc>Logs the given message to the console.</doc>
<status status="PASS" start="2025-05-01T10:54:10.892370" elapsed="0.001724"/>
</kw>
<kw name="Run Keyword" owner="BuiltIn">
<kw name="Validate if the mandatory alerts are present" owner="keywords">
<kw name="Click on the submit button" owner="global-keywords">
<kw name="Run Keyword And Return Status" owner="BuiltIn">
<kw name="Element Should Be Visible" owner="SeleniumLibrary">
<msg time="2025-05-01T10:54:11.140169" level="INFO" html="true">&lt;/td&gt;&lt;/tr&gt;&lt;tr&gt;&lt;td colspan="3"&gt;&lt;a href="selenium-screenshot-3.png"&gt;&lt;img src="selenium-screenshot-3.png" width="800px"&gt;&lt;/a&gt;</msg>
<msg time="2025-05-01T10:54:11.140489" level="FAIL">5s</msg>
<arg>${PLACEHOLDERS["SUBMIT BUTTON"]}</arg>
<arg>5s</arg>
<doc>Verifies that the element identified by ``locator`` is visible.</doc>
<status status="FAIL" start="2025-05-01T10:54:10.902157" elapsed="0.238842">5s</status>
</kw>
<msg time="2025-05-01T10:54:11.141196" level="INFO">${is_present} = False</msg>
<var>${is_present}</var>
<arg>Element Should Be Visible</arg>
<arg>${PLACEHOLDERS["SUBMIT BUTTON"]}</arg>
<arg>5s</arg>
<doc>Runs the given keyword with given arguments and returns the status as a Boolean value.</doc>
<status status="PASS" start="2025-05-01T10:54:10.901164" elapsed="0.240112"/>
</kw>
<if>
<branch type="IF" condition="${is_present}">
<kw name="Wait Until Keyword Succeeds" owner="BuiltIn">
<arg>5x</arg>
<arg>1s</arg>
<arg>Element Should Be Enabled</arg>
<arg>${PLACEHOLDERS["SUBMIT BUTTON"]}</arg>
<doc>Runs the specified keyword and retries if it fails.</doc>
<status status="NOT RUN" start="2025-05-01T10:54:11.141673" elapsed="0.000092"/>
</kw>
<kw name="Click Button" owner="SeleniumLibrary">
<arg>${PLACEHOLDERS["SUBMIT BUTTON"]}</arg>
<doc>Clicks the button identified by ``locator``.</doc>
<status status="NOT RUN" start="2025-05-01T10:54:11.141894" elapsed="0.000068"/>
</kw>
<status status="NOT RUN" start="2025-05-01T10:54:11.141407" elapsed="0.000646"/>
</branch>
<branch type="ELSE">
<kw name="Log To Console" owner="BuiltIn">
<arg>⚠️ Submit button not found — skipping click</arg>
<doc>Logs the given message to the console.</doc>
<status status="PASS" start="2025-05-01T10:54:11.142299" elapsed="0.000413"/>
</kw>
<status status="PASS" start="2025-05-01T10:54:11.142153" elapsed="0.000701"/>
</branch>
<status status="PASS" start="2025-05-01T10:54:11.141374" elapsed="0.001568"/>
</if>
<status status="PASS" start="2025-05-01T10:54:10.899453" elapsed="0.243600"/>
</kw>
<kw name="Create List" owner="BuiltIn">
<msg time="2025-05-01T10:54:11.143750" level="INFO">@{missing_alerts} = [ ]</msg>
<var>@{missing_alerts}</var>
<doc>Returns a list containing given items.</doc>
<status status="PASS" start="2025-05-01T10:54:11.143268" elapsed="0.000730"/>
</kw>
<kw name="Get WebElements" owner="SeleniumLibrary">
<msg time="2025-05-01T10:54:11.158987" level="INFO">@{required_labels} = [ ]</msg>
<var>@{required_labels}</var>
<arg>xpath=//label[contains(text(), '*')]</arg>
<doc>Returns a list of WebElement objects matching the ``locator``.</doc>
<status status="PASS" start="2025-05-01T10:54:11.144249" elapsed="0.015107"/>
</kw>
<kw name="Get Location" owner="SeleniumLibrary">
<msg time="2025-05-01T10:54:11.167142" level="INFO">${url} = https://lakewoodchevrolet.kinsta.cloud/demo-inventory/</msg>
<var>${url}</var>
<doc>Returns the current browser window URL.</doc>
<status status="PASS" start="2025-05-01T10:54:11.159756" elapsed="0.007819"/>
</kw>
<for flavor="IN">
<iter>
<kw name="Get Element Attribute" owner="SeleniumLibrary">
<var>${input_id}</var>
<arg>${label}</arg>
<arg>for</arg>
<doc>Returns the value of ``attribute`` from the element ``locator``.</doc>
<status status="NOT RUN" start="2025-05-01T10:54:11.168338" elapsed="0.000086"/>
</kw>
<kw name="Get WebElement" owner="SeleniumLibrary">
<var>${input}</var>
<arg>xpath=//*[@id="${input_id}"]</arg>
<doc>Returns the first WebElement matching the given ``locator``.</doc>
<status status="NOT RUN" start="2025-05-01T10:54:11.168543" elapsed="0.000070"/>
</kw>
<kw name="Get Text" owner="SeleniumLibrary">
<var>${placeholder}</var>
<arg>${input}</arg>
<doc>Returns the text value of the element identified by ``locator``.</doc>
<status status="NOT RUN" start="2025-05-01T10:54:11.168740" elapsed="0.000069"/>
</kw>
<kw name="Run Keyword And Return Status" owner="BuiltIn">
<var>${error_visible}</var>
<arg>Element Should Be Visible</arg>
<arg>xpath=//*[@id="${input_id}"]/ancestor::nf-field//div[contains(@class, "nf-error")]</arg>
<doc>Runs the given keyword with given arguments and returns the status as a Boolean value.</doc>
<status status="NOT RUN" start="2025-05-01T10:54:11.168933" elapsed="0.000076"/>
</kw>
<if>
<branch type="IF" condition="not ${error_visible}">
<kw name="Append To List" owner="Collections">
<arg>${missing_alerts}</arg>
<arg>${url} &gt; ${placeholder}</arg>
<doc>Adds ``values`` to the end of ``list``.</doc>
<status status="NOT RUN" start="2025-05-01T10:54:11.169226" elapsed="0.000282"/>
</kw>
<status status="NOT RUN" start="2025-05-01T10:54:11.169109" elapsed="0.000472"/>
</branch>
<status status="NOT RUN" start="2025-05-01T10:54:11.169089" elapsed="0.000575"/>
</if>
<kw name="Log To Console" owner="BuiltIn">
<arg>✅ ${url} &gt; Field '${placeholder}' has required error container</arg>
<doc>Logs the given message to the console.</doc>
<status status="NOT RUN" start="2025-05-01T10:54:11.169732" elapsed="0.000064"/>
</kw>
<var name="${label}"/>
<status status="NOT RUN" start="2025-05-01T10:54:11.168155" elapsed="0.001712"/>
</iter>
<var>${label}</var>
<value>@{required_labels}</value>
<status status="NOT RUN" start="2025-05-01T10:54:11.167833" elapsed="0.002109"/>
</for>
<if>
<branch type="IF" condition="${missing_alerts} != []">
<kw name="Log Many" owner="BuiltIn">
<arg>❌ Missing alert container for the following fields:\n${missing_alerts}</arg>
<doc>Logs the given messages as separate entries using the INFO level.</doc>
<status status="NOT RUN" start="2025-05-01T10:54:11.170231" elapsed="0.000071"/>
</kw>
<status status="NOT RUN" start="2025-05-01T10:54:11.170042" elapsed="0.000336"/>
</branch>
<status status="PASS" start="2025-05-01T10:54:11.170028" elapsed="0.000425"/>
</if>
<arg>${url}</arg>
<status status="PASS" start="2025-05-01T10:54:10.897299" elapsed="0.273204"/>
</kw>
<arg>${VALIDATION_KEYWORD}</arg>
<arg>${url}</arg>
<doc>Executes the given keyword with the given arguments.</doc>
<status status="PASS" start="2025-05-01T10:54:10.895022" elapsed="0.275571"/>
</kw>
<var name="${url}">https://lakewoodchevrolet.kinsta.cloud/demo-inventory/</var>
<status status="PASS" start="2025-05-01T10:54:10.341885" elapsed="0.828811"/>
</iter>
<iter>
<kw name="Run Keyword If" owner="BuiltIn">
<arg>'${url}' == ''</arg>
<arg>Continue For Loop</arg>
<doc>Runs the given keyword with the given arguments, if ``condition`` is true.</doc>
<status status="PASS" start="2025-05-01T10:54:11.171180" elapsed="0.000226"/>
</kw>
<kw name="Go To" owner="SeleniumLibrary">
<msg time="2025-05-01T10:54:11.171716" level="INFO">Opening url 'https://lakewoodchevrolet.kinsta.cloud/electric-vehicle-info/'</msg>
<arg>${url}</arg>
<doc>Navigates the current browser window to the provided ``url``.</doc>
<status status="PASS" start="2025-05-01T10:54:11.171539" elapsed="0.512537"/>
</kw>
<kw name="Log To Console" owner="BuiltIn">
<arg>🔍 Checking: ${url}</arg>
<doc>Logs the given message to the console.</doc>
<status status="PASS" start="2025-05-01T10:54:11.684466" elapsed="0.000383"/>
</kw>
<kw name="Run Keyword" owner="BuiltIn">
<kw name="Validate if the mandatory alerts are present" owner="keywords">
<kw name="Click on the submit button" owner="global-keywords">
<kw name="Run Keyword And Return Status" owner="BuiltIn">
<kw name="Element Should Be Visible" owner="SeleniumLibrary">
<msg time="2025-05-01T10:54:11.707800" level="INFO">Element '//input[@type="submit"]' is displayed.</msg>
<arg>${PLACEHOLDERS["SUBMIT BUTTON"]}</arg>
<arg>5s</arg>
<doc>Verifies that the element identified by ``locator`` is visible.</doc>
<status status="PASS" start="2025-05-01T10:54:11.686189" elapsed="0.022011"/>
</kw>
<msg time="2025-05-01T10:54:11.708492" level="INFO">${is_present} = True</msg>
<var>${is_present}</var>
<arg>Element Should Be Visible</arg>
<arg>${PLACEHOLDERS["SUBMIT BUTTON"]}</arg>
<arg>5s</arg>
<doc>Runs the given keyword with given arguments and returns the status as a Boolean value.</doc>
<status status="PASS" start="2025-05-01T10:54:11.686015" elapsed="0.022627"/>
</kw>
<if>
<branch type="IF" condition="${is_present}">
<kw name="Wait Until Keyword Succeeds" owner="BuiltIn">
<kw name="Element Should Be Enabled" owner="SeleniumLibrary">
<arg>${PLACEHOLDERS["SUBMIT BUTTON"]}</arg>
<doc>Verifies that element identified by ``locator`` is enabled.</doc>
<status status="PASS" start="2025-05-01T10:54:11.710202" elapsed="0.031022"/>
</kw>
<arg>5x</arg>
<arg>1s</arg>
<arg>Element Should Be Enabled</arg>
<arg>${PLACEHOLDERS["SUBMIT BUTTON"]}</arg>
<doc>Runs the specified keyword and retries if it fails.</doc>
<status status="PASS" start="2025-05-01T10:54:11.709652" elapsed="0.031764"/>
</kw>
<kw name="Click Button" owner="SeleniumLibrary">
<msg time="2025-05-01T10:54:11.742307" level="INFO">Clicking button '//input[@type="submit"]'.</msg>
<arg>${PLACEHOLDERS["SUBMIT BUTTON"]}</arg>
<doc>Clicks the button identified by ``locator``.</doc>
<status status="PASS" start="2025-05-01T10:54:11.741602" elapsed="0.148000"/>
</kw>
<status status="PASS" start="2025-05-01T10:54:11.708960" elapsed="0.180948"/>
</branch>
<branch type="ELSE">
<kw name="Log To Console" owner="BuiltIn">
<arg>⚠️ Submit button not found — skipping click</arg>
<doc>Logs the given message to the console.</doc>
<status status="NOT RUN" start="2025-05-01T10:54:11.890213" elapsed="0.000076"/>
</kw>
<status status="NOT RUN" start="2025-05-01T10:54:11.889999" elapsed="0.000365"/>
</branch>
<status status="PASS" start="2025-05-01T10:54:11.708891" elapsed="0.181541"/>
</if>
<status status="PASS" start="2025-05-01T10:54:11.685803" elapsed="0.204704"/>
</kw>
<kw name="Create List" owner="BuiltIn">
<msg time="2025-05-01T10:54:11.890933" level="INFO">@{missing_alerts} = [ ]</msg>
<var>@{missing_alerts}</var>
<doc>Returns a list containing given items.</doc>
<status status="PASS" start="2025-05-01T10:54:11.890673" elapsed="0.000412"/>
</kw>
<kw name="Get WebElements" owner="SeleniumLibrary">
<msg time="2025-05-01T10:54:11.969203" level="INFO">@{required_labels} = [ ]</msg>
<var>@{required_labels}</var>
<arg>xpath=//label[contains(text(), '*')]</arg>
<doc>Returns a list of WebElement objects matching the ``locator``.</doc>
<status status="PASS" start="2025-05-01T10:54:11.891307" elapsed="0.078151"/>
</kw>
<kw name="Get Location" owner="SeleniumLibrary">
<msg time="2025-05-01T10:54:12.043500" level="INFO">${url} = https://lakewoodchevrolet.kinsta.cloud/electric-vehicle-info/</msg>
<var>${url}</var>
<doc>Returns the current browser window URL.</doc>
<status status="PASS" start="2025-05-01T10:54:11.969740" elapsed="0.074862"/>
</kw>
<for flavor="IN">
<iter>
<kw name="Get Element Attribute" owner="SeleniumLibrary">
<var>${input_id}</var>
<arg>${label}</arg>
<arg>for</arg>
<doc>Returns the value of ``attribute`` from the element ``locator``.</doc>
<status status="NOT RUN" start="2025-05-01T10:54:12.047533" elapsed="0.000334"/>
</kw>
<kw name="Get WebElement" owner="SeleniumLibrary">
<var>${input}</var>
<arg>xpath=//*[@id="${input_id}"]</arg>
<doc>Returns the first WebElement matching the given ``locator``.</doc>
<status status="NOT RUN" start="2025-05-01T10:54:12.048307" elapsed="0.000111"/>
</kw>
<kw name="Get Text" owner="SeleniumLibrary">
<var>${placeholder}</var>
<arg>${input}</arg>
<doc>Returns the text value of the element identified by ``locator``.</doc>
<status status="NOT RUN" start="2025-05-01T10:54:12.048604" elapsed="0.000142"/>
</kw>
<kw name="Run Keyword And Return Status" owner="BuiltIn">
<var>${error_visible}</var>
<arg>Element Should Be Visible</arg>
<arg>xpath=//*[@id="${input_id}"]/ancestor::nf-field//div[contains(@class, "nf-error")]</arg>
<doc>Runs the given keyword with given arguments and returns the status as a Boolean value.</doc>
<status status="NOT RUN" start="2025-05-01T10:54:12.049008" elapsed="0.000123"/>
</kw>
<if>
<branch type="IF" condition="not ${error_visible}">
<kw name="Append To List" owner="Collections">
<arg>${missing_alerts}</arg>
<arg>${url} &gt; ${placeholder}</arg>
<doc>Adds ``values`` to the end of ``list``.</doc>
<status status="NOT RUN" start="2025-05-01T10:54:12.051485" elapsed="0.000218"/>
</kw>
<status status="NOT RUN" start="2025-05-01T10:54:12.050881" elapsed="0.001086"/>
</branch>
<status status="NOT RUN" start="2025-05-01T10:54:12.050757" elapsed="0.001375"/>
</if>
<kw name="Log To Console" owner="BuiltIn">
<arg>✅ ${url} &gt; Field '${placeholder}' has required error container</arg>
<doc>Logs the given message to the console.</doc>
<status status="NOT RUN" start="2025-05-01T10:54:12.052379" elapsed="0.000147"/>
</kw>
<var name="${label}"/>
<status status="NOT RUN" start="2025-05-01T10:54:12.046614" elapsed="0.006089"/>
</iter>
<var>${label}</var>
<value>@{required_labels}</value>
<status status="NOT RUN" start="2025-05-01T10:54:12.045128" elapsed="0.007782"/>
</for>
<if>
<branch type="IF" condition="${missing_alerts} != []">
<kw name="Log Many" owner="BuiltIn">
<arg>❌ Missing alert container for the following fields:\n${missing_alerts}</arg>
<doc>Logs the given messages as separate entries using the INFO level.</doc>
<status status="NOT RUN" start="2025-05-01T10:54:12.053787" elapsed="0.000119"/>
</kw>
<status status="NOT RUN" start="2025-05-01T10:54:12.053157" elapsed="0.000915"/>
</branch>
<status status="PASS" start="2025-05-01T10:54:12.053100" elapsed="0.001090"/>
</if>
<arg>${url}</arg>
<status status="PASS" start="2025-05-01T10:54:11.685468" elapsed="0.368876"/>
</kw>
<arg>${VALIDATION_KEYWORD}</arg>
<arg>${url}</arg>
<doc>Executes the given keyword with the given arguments.</doc>
<status status="PASS" start="2025-05-01T10:54:11.685036" elapsed="0.369456"/>
</kw>
<var name="${url}">https://lakewoodchevrolet.kinsta.cloud/electric-vehicle-info/</var>
<status status="PASS" start="2025-05-01T10:54:11.171014" elapsed="0.883585"/>
</iter>
<iter>
<kw name="Run Keyword If" owner="BuiltIn">
<arg>'${url}' == ''</arg>
<arg>Continue For Loop</arg>
<doc>Runs the given keyword with the given arguments, if ``condition`` is true.</doc>
<status status="PASS" start="2025-05-01T10:54:12.055298" elapsed="0.000683"/>
</kw>
<kw name="Go To" owner="SeleniumLibrary">
<msg time="2025-05-01T10:54:12.056732" level="INFO">Opening url 'https://lakewoodchevrolet.kinsta.cloud/employment-application/'</msg>
<arg>${url}</arg>
<doc>Navigates the current browser window to the provided ``url``.</doc>
<status status="PASS" start="2025-05-01T10:54:12.056372" elapsed="0.543293"/>
</kw>
<kw name="Log To Console" owner="BuiltIn">
<arg>🔍 Checking: ${url}</arg>
<doc>Logs the given message to the console.</doc>
<status status="PASS" start="2025-05-01T10:54:12.600161" elapsed="0.000442"/>
</kw>
<kw name="Run Keyword" owner="BuiltIn">
<kw name="Validate if the mandatory alerts are present" owner="keywords">
<kw name="Click on the submit button" owner="global-keywords">
<kw name="Run Keyword And Return Status" owner="BuiltIn">
<kw name="Element Should Be Visible" owner="SeleniumLibrary">
<msg time="2025-05-01T10:54:12.637536" level="INFO">Element '//input[@type="submit"]' is displayed.</msg>
<arg>${PLACEHOLDERS["SUBMIT BUTTON"]}</arg>
<arg>5s</arg>
<doc>Verifies that the element identified by ``locator`` is visible.</doc>
<status status="PASS" start="2025-05-01T10:54:12.604703" elapsed="0.033056"/>
</kw>
<msg time="2025-05-01T10:54:12.637914" level="INFO">${is_present} = True</msg>
<var>${is_present}</var>
<arg>Element Should Be Visible</arg>
<arg>${PLACEHOLDERS["SUBMIT BUTTON"]}</arg>
<arg>5s</arg>
<doc>Runs the given keyword with given arguments and returns the status as a Boolean value.</doc>
<status status="PASS" start="2025-05-01T10:54:12.604121" elapsed="0.033866"/>
</kw>
<if>
<branch type="IF" condition="${is_present}">
<kw name="Wait Until Keyword Succeeds" owner="BuiltIn">
<kw name="Element Should Be Enabled" owner="SeleniumLibrary">
<arg>${PLACEHOLDERS["SUBMIT BUTTON"]}</arg>
<doc>Verifies that element identified by ``locator`` is enabled.</doc>
<status status="PASS" start="2025-05-01T10:54:12.638746" elapsed="0.029624"/>
</kw>
<arg>5x</arg>
<arg>1s</arg>
<arg>Element Should Be Enabled</arg>
<arg>${PLACEHOLDERS["SUBMIT BUTTON"]}</arg>
<doc>Runs the specified keyword and retries if it fails.</doc>
<status status="PASS" start="2025-05-01T10:54:12.638431" elapsed="0.030115"/>
</kw>
<kw name="Click Button" owner="SeleniumLibrary">
<msg time="2025-05-01T10:54:12.669235" level="INFO">Clicking button '//input[@type="submit"]'.</msg>
<arg>${PLACEHOLDERS["SUBMIT BUTTON"]}</arg>
<doc>Clicks the button identified by ``locator``.</doc>
<status status="PASS" start="2025-05-01T10:54:12.668738" elapsed="0.134750"/>
</kw>
<status status="PASS" start="2025-05-01T10:54:12.638163" elapsed="0.165613"/>
</branch>
<branch type="ELSE">
<kw name="Log To Console" owner="BuiltIn">
<arg>⚠️ Submit button not found — skipping click</arg>
<doc>Logs the given message to the console.</doc>
<status status="NOT RUN" start="2025-05-01T10:54:12.804211" elapsed="0.000113"/>
</kw>
<status status="NOT RUN" start="2025-05-01T10:54:12.803893" elapsed="0.000542"/>
</branch>
<status status="PASS" start="2025-05-01T10:54:12.638128" elapsed="0.166379"/>
</if>
<status status="PASS" start="2025-05-01T10:54:12.603219" elapsed="0.201371"/>
</kw>
<kw name="Create List" owner="BuiltIn">
<msg time="2025-05-01T10:54:12.805068" level="INFO">@{missing_alerts} = [ ]</msg>
<var>@{missing_alerts}</var>
<doc>Returns a list containing given items.</doc>
<status status="PASS" start="2025-05-01T10:54:12.804780" elapsed="0.000459"/>
</kw>
<kw name="Get WebElements" owner="SeleniumLibrary">
<msg time="2025-05-01T10:54:12.850463" level="INFO">@{required_labels} = [ ]</msg>
<var>@{required_labels}</var>
<arg>xpath=//label[contains(text(), '*')]</arg>
<doc>Returns a list of WebElement objects matching the ``locator``.</doc>
<status status="PASS" start="2025-05-01T10:54:12.805474" elapsed="0.045223"/>
</kw>
<kw name="Get Location" owner="SeleniumLibrary">
<msg time="2025-05-01T10:54:12.857701" level="INFO">${url} = https://lakewoodchevrolet.kinsta.cloud/employment-application/</msg>
<var>${url}</var>
<doc>Returns the current browser window URL.</doc>
<status status="PASS" start="2025-05-01T10:54:12.850918" elapsed="0.006991"/>
</kw>
<for flavor="IN">
<iter>
<kw name="Get Element Attribute" owner="SeleniumLibrary">
<var>${input_id}</var>
<arg>${label}</arg>
<arg>for</arg>
<doc>Returns the value of ``attribute`` from the element ``locator``.</doc>
<status status="NOT RUN" start="2025-05-01T10:54:12.858464" elapsed="0.000107"/>
</kw>
<kw name="Get WebElement" owner="SeleniumLibrary">
<var>${input}</var>
<arg>xpath=//*[@id="${input_id}"]</arg>
<doc>Returns the first WebElement matching the given ``locator``.</doc>
<status status="NOT RUN" start="2025-05-01T10:54:12.858771" elapsed="0.000103"/>
</kw>
<kw name="Get Text" owner="SeleniumLibrary">
<var>${placeholder}</var>
<arg>${input}</arg>
<doc>Returns the text value of the element identified by ``locator``.</doc>
<status status="NOT RUN" start="2025-05-01T10:54:12.859026" elapsed="0.000093"/>
</kw>
<kw name="Run Keyword And Return Status" owner="BuiltIn">
<var>${error_visible}</var>
<arg>Element Should Be Visible</arg>
<arg>xpath=//*[@id="${input_id}"]/ancestor::nf-field//div[contains(@class, "nf-error")]</arg>
<doc>Runs the given keyword with given arguments and returns the status as a Boolean value.</doc>
<status status="NOT RUN" start="2025-05-01T10:54:12.859318" elapsed="0.000129"/>
</kw>
<if>
<branch type="IF" condition="not ${error_visible}">
<kw name="Append To List" owner="Collections">
<arg>${missing_alerts}</arg>
<arg>${url} &gt; ${placeholder}</arg>
<doc>Adds ``values`` to the end of ``list``.</doc>
<status status="NOT RUN" start="2025-05-01T10:54:12.859988" elapsed="0.000092"/>
</kw>
<status status="NOT RUN" start="2025-05-01T10:54:12.859730" elapsed="0.000463"/>
</branch>
<status status="NOT RUN" start="2025-05-01T10:54:12.859666" elapsed="0.000645"/>
</if>
<kw name="Log To Console" owner="BuiltIn">
<arg>✅ ${url} &gt; Field '${placeholder}' has required error container</arg>
<doc>Logs the given message to the console.</doc>
<status status="NOT RUN" start="2025-05-01T10:54:12.860451" elapsed="0.000106"/>
</kw>
<var name="${label}"/>
<status status="NOT RUN" start="2025-05-01T10:54:12.858298" elapsed="0.002416"/>
</iter>
<var>${label}</var>
<value>@{required_labels}</value>
<status status="NOT RUN" start="2025-05-01T10:54:12.858056" elapsed="0.002780"/>
</for>
<if>
<branch type="IF" condition="${missing_alerts} != []">
<kw name="Log Many" owner="BuiltIn">
<arg>❌ Missing alert container for the following fields:\n${missing_alerts}</arg>
<doc>Logs the given messages as separate entries using the INFO level.</doc>
<status status="NOT RUN" start="2025-05-01T10:54:12.861713" elapsed="0.000118"/>
</kw>
<status status="NOT RUN" start="2025-05-01T10:54:12.861079" elapsed="0.000881"/>
</branch>
<status status="PASS" start="2025-05-01T10:54:12.861047" elapsed="0.001063"/>
</if>
<arg>${url}</arg>
<status status="PASS" start="2025-05-01T10:54:12.602059" elapsed="0.260291"/>
</kw>
<arg>${VALIDATION_KEYWORD}</arg>
<arg>${url}</arg>
<doc>Executes the given keyword with the given arguments.</doc>
<status status="PASS" start="2025-05-01T10:54:12.601031" elapsed="0.261508"/>
</kw>
<var name="${url}">https://lakewoodchevrolet.kinsta.cloud/employment-application/</var>
<status status="PASS" start="2025-05-01T10:54:12.054949" elapsed="0.807695"/>
</iter>
<iter>
<kw name="Run Keyword If" owner="BuiltIn">
<arg>'${url}' == ''</arg>
<arg>Continue For Loop</arg>
<doc>Runs the given keyword with the given arguments, if ``condition`` is true.</doc>
<status status="PASS" start="2025-05-01T10:54:12.863950" elapsed="0.000620"/>
</kw>
<kw name="Go To" owner="SeleniumLibrary">
<msg time="2025-05-01T10:54:12.864974" level="INFO">Opening url 'https://lakewoodchevrolet.kinsta.cloud/end-of-lease-options/'</msg>
<arg>${url}</arg>
<doc>Navigates the current browser window to the provided ``url``.</doc>
<status status="PASS" start="2025-05-01T10:54:12.864786" elapsed="0.474363"/>
</kw>
<kw name="Log To Console" owner="BuiltIn">
<arg>🔍 Checking: ${url}</arg>
<doc>Logs the given message to the console.</doc>
<status status="PASS" start="2025-05-01T10:54:13.339457" elapsed="0.000399"/>
</kw>
<kw name="Run Keyword" owner="BuiltIn">
<kw name="Validate if the mandatory alerts are present" owner="keywords">
<kw name="Click on the submit button" owner="global-keywords">
<kw name="Run Keyword And Return Status" owner="BuiltIn">
<kw name="Element Should Be Visible" owner="SeleniumLibrary">
<msg time="2025-05-01T10:54:13.368518" level="INFO">Element '//input[@type="submit"]' is displayed.</msg>
<arg>${PLACEHOLDERS["SUBMIT BUTTON"]}</arg>
<arg>5s</arg>
<doc>Verifies that the element identified by ``locator`` is visible.</doc>
<status status="PASS" start="2025-05-01T10:54:13.343741" elapsed="0.025053"/>
</kw>
<msg time="2025-05-01T10:54:13.368955" level="INFO">${is_present} = True</msg>
<var>${is_present}</var>
<arg>Element Should Be Visible</arg>
<arg>${PLACEHOLDERS["SUBMIT BUTTON"]}</arg>
<arg>5s</arg>
<doc>Runs the given keyword with given arguments and returns the status as a Boolean value.</doc>
<status status="PASS" start="2025-05-01T10:54:13.343086" elapsed="0.025930"/>
</kw>
<if>
<branch type="IF" condition="${is_present}">
<kw name="Wait Until Keyword Succeeds" owner="BuiltIn">
<kw name="Element Should Be Enabled" owner="SeleniumLibrary">
<arg>${PLACEHOLDERS["SUBMIT BUTTON"]}</arg>
<doc>Verifies that element identified by ``locator`` is enabled.</doc>
<status status="PASS" start="2025-05-01T10:54:13.369671" elapsed="0.030111"/>
</kw>
<arg>5x</arg>
<arg>1s</arg>
<arg>Element Should Be Enabled</arg>
<arg>${PLACEHOLDERS["SUBMIT BUTTON"]}</arg>
<doc>Runs the specified keyword and retries if it fails.</doc>
<status status="PASS" start="2025-05-01T10:54:13.369397" elapsed="0.030570"/>
</kw>
<kw name="Click Button" owner="SeleniumLibrary">
<msg time="2025-05-01T10:54:13.400670" level="INFO">Clicking button '//input[@type="submit"]'.</msg>
<arg>${PLACEHOLDERS["SUBMIT BUTTON"]}</arg>
<doc>Clicks the button identified by ``locator``.</doc>
<status status="PASS" start="2025-05-01T10:54:13.400151" elapsed="0.140770"/>
</kw>
<status status="PASS" start="2025-05-01T10:54:13.369158" elapsed="0.171989"/>
</branch>
<branch type="ELSE">
<kw name="Log To Console" owner="BuiltIn">
<arg>⚠️ Submit button not found — skipping click</arg>
<doc>Logs the given message to the console.</doc>
<status status="NOT RUN" start="2025-05-01T10:54:13.541503" elapsed="0.000079"/>
</kw>
<status status="NOT RUN" start="2025-05-01T10:54:13.541249" elapsed="0.000429"/>
</branch>
<status status="PASS" start="2025-05-01T10:54:13.369119" elapsed="0.172626"/>
</if>
<status status="PASS" start="2025-05-01T10:54:13.342139" elapsed="0.199674"/>
</kw>
<kw name="Create List" owner="BuiltIn">
<msg time="2025-05-01T10:54:13.542225" level="INFO">@{missing_alerts} = [ ]</msg>
<var>@{missing_alerts}</var>
<doc>Returns a list containing given items.</doc>
<status status="PASS" start="2025-05-01T10:54:13.541962" elapsed="0.000490"/>
</kw>
<kw name="Get WebElements" owner="SeleniumLibrary">
<msg time="2025-05-01T10:54:13.558223" level="INFO">@{required_labels} = [ ]</msg>
<var>@{required_labels}</var>
<arg>xpath=//label[contains(text(), '*')]</arg>
<doc>Returns a list of WebElement objects matching the ``locator``.</doc>
<status status="PASS" start="2025-05-01T10:54:13.542698" elapsed="0.015698"/>
</kw>
<kw name="Get Location" owner="SeleniumLibrary">
<msg time="2025-05-01T10:54:13.566518" level="INFO">${url} = https://lakewoodchevrolet.kinsta.cloud/end-of-lease-options/</msg>
<var>${url}</var>
<doc>Returns the current browser window URL.</doc>
<status status="PASS" start="2025-05-01T10:54:13.558611" elapsed="0.008221"/>
</kw>
<for flavor="IN">
<iter>
<kw name="Get Element Attribute" owner="SeleniumLibrary">
<var>${input_id}</var>
<arg>${label}</arg>
<arg>for</arg>
<doc>Returns the value of ``attribute`` from the element ``locator``.</doc>
<status status="NOT RUN" start="2025-05-01T10:54:13.567409" elapsed="0.000085"/>
</kw>
<kw name="Get WebElement" owner="SeleniumLibrary">
<var>${input}</var>
<arg>xpath=//*[@id="${input_id}"]</arg>
<doc>Returns the first WebElement matching the given ``locator``.</doc>
<status status="NOT RUN" start="2025-05-01T10:54:13.567636" elapsed="0.000080"/>
</kw>
<kw name="Get Text" owner="SeleniumLibrary">
<var>${placeholder}</var>
<arg>${input}</arg>
<doc>Returns the text value of the element identified by ``locator``.</doc>
<status status="NOT RUN" start="2025-05-01T10:54:13.567827" elapsed="0.000069"/>
</kw>
<kw name="Run Keyword And Return Status" owner="BuiltIn">
<var>${error_visible}</var>
<arg>Element Should Be Visible</arg>
<arg>xpath=//*[@id="${input_id}"]/ancestor::nf-field//div[contains(@class, "nf-error")]</arg>
<doc>Runs the given keyword with given arguments and returns the status as a Boolean value.</doc>
<status status="NOT RUN" start="2025-05-01T10:54:13.568018" elapsed="0.000075"/>
</kw>
<if>
<branch type="IF" condition="not ${error_visible}">
<kw name="Append To List" owner="Collections">
<arg>${missing_alerts}</arg>
<arg>${url} &gt; ${placeholder}</arg>
<doc>Adds ``values`` to the end of ``list``.</doc>
<status status="NOT RUN" start="2025-05-01T10:54:13.568302" elapsed="0.000069"/>
</kw>
<status status="NOT RUN" start="2025-05-01T10:54:13.568191" elapsed="0.000251"/>
</branch>
<status status="NOT RUN" start="2025-05-01T10:54:13.568170" elapsed="0.000345"/>
</if>
<kw name="Log To Console" owner="BuiltIn">
<arg>✅ ${url} &gt; Field '${placeholder}' has required error container</arg>
<doc>Logs the given message to the console.</doc>
<status status="NOT RUN" start="2025-05-01T10:54:13.568578" elapsed="0.000073"/>
</kw>
<var name="${label}"/>
<status status="NOT RUN" start="2025-05-01T10:54:13.567232" elapsed="0.001487"/>
</iter>
<var>${label}</var>
<value>@{required_labels}</value>
<status status="NOT RUN" start="2025-05-01T10:54:13.566972" elapsed="0.001821"/>
</for>
<if>
<branch type="IF" condition="${missing_alerts} != []">
<kw name="Log Many" owner="BuiltIn">
<arg>❌ Missing alert container for the following fields:\n${missing_alerts}</arg>
<doc>Logs the given messages as separate entries using the INFO level.</doc>
<status status="NOT RUN" start="2025-05-01T10:54:13.569068" elapsed="0.000063"/>
</kw>
<status status="NOT RUN" start="2025-05-01T10:54:13.568893" elapsed="0.000305"/>
</branch>
<status status="PASS" start="2025-05-01T10:54:13.568879" elapsed="0.000383"/>
</if>
<arg>${url}</arg>
<status status="PASS" start="2025-05-01T10:54:13.341036" elapsed="0.228277"/>
</kw>
<arg>${VALIDATION_KEYWORD}</arg>
<arg>${url}</arg>
<doc>Executes the given keyword with the given arguments.</doc>
<status status="PASS" start="2025-05-01T10:54:13.340230" elapsed="0.229173"/>
</kw>
<var name="${url}">https://lakewoodchevrolet.kinsta.cloud/end-of-lease-options/</var>
<status status="PASS" start="2025-05-01T10:54:12.863348" elapsed="0.706125"/>
</iter>
<iter>
<kw name="Run Keyword If" owner="BuiltIn">
<arg>'${url}' == ''</arg>
<arg>Continue For Loop</arg>
<doc>Runs the given keyword with the given arguments, if ``condition`` is true.</doc>
<status status="PASS" start="2025-05-01T10:54:13.569733" elapsed="0.000178"/>
</kw>
<kw name="Go To" owner="SeleniumLibrary">
<msg time="2025-05-01T10:54:13.570176" level="INFO">Opening url 'https://lakewoodchevrolet.kinsta.cloud/financing/'</msg>
<arg>${url}</arg>
<doc>Navigates the current browser window to the provided ``url``.</doc>
<status status="PASS" start="2025-05-01T10:54:13.570035" elapsed="0.601432"/>
</kw>
<kw name="Log To Console" owner="BuiltIn">
<arg>🔍 Checking: ${url}</arg>
<doc>Logs the given message to the console.</doc>
<status status="PASS" start="2025-05-01T10:54:14.171866" elapsed="0.000325"/>
</kw>
<kw name="Run Keyword" owner="BuiltIn">
<kw name="Validate if the mandatory alerts are present" owner="keywords">
<kw name="Click on the submit button" owner="global-keywords">
<kw name="Run Keyword And Return Status" owner="BuiltIn">
<kw name="Element Should Be Visible" owner="SeleniumLibrary">
<msg time="2025-05-01T10:54:14.199151" level="INFO">Element '//input[@type="submit"]' is displayed.</msg>
<arg>${PLACEHOLDERS["SUBMIT BUTTON"]}</arg>
<arg>5s</arg>
<doc>Verifies that the element identified by ``locator`` is visible.</doc>
<status status="PASS" start="2025-05-01T10:54:14.173693" elapsed="0.025655"/>
</kw>
<msg time="2025-05-01T10:54:14.199502" level="INFO">${is_present} = True</msg>
<var>${is_present}</var>
<arg>Element Should Be Visible</arg>
<arg>${PLACEHOLDERS["SUBMIT BUTTON"]}</arg>
<arg>5s</arg>
<doc>Runs the given keyword with given arguments and returns the status as a Boolean value.</doc>
<status status="PASS" start="2025-05-01T10:54:14.173504" elapsed="0.026208"/>
</kw>
<if>
<branch type="IF" condition="${is_present}">
<kw name="Wait Until Keyword Succeeds" owner="BuiltIn">
<kw name="Element Should Be Enabled" owner="SeleniumLibrary">
<arg>${PLACEHOLDERS["SUBMIT BUTTON"]}</arg>
<doc>Verifies that element identified by ``locator`` is enabled.</doc>
<status status="PASS" start="2025-05-01T10:54:14.200548" elapsed="0.023678"/>
</kw>
<arg>5x</arg>
<arg>1s</arg>
<arg>Element Should Be Enabled</arg>
<arg>${PLACEHOLDERS["SUBMIT BUTTON"]}</arg>
<doc>Runs the specified keyword and retries if it fails.</doc>
<status status="PASS" start="2025-05-01T10:54:14.200255" elapsed="0.024128"/>
</kw>
<kw name="Click Button" owner="SeleniumLibrary">
<msg time="2025-05-01T10:54:14.224981" level="INFO">Clicking button '//input[@type="submit"]'.</msg>
<arg>${PLACEHOLDERS["SUBMIT BUTTON"]}</arg>
<doc>Clicks the button identified by ``locator``.</doc>
<status status="PASS" start="2025-05-01T10:54:14.224545" elapsed="0.313063"/>
</kw>
<status status="PASS" start="2025-05-01T10:54:14.199909" elapsed="0.337911"/>
</branch>
<branch type="ELSE">
<kw name="Log To Console" owner="BuiltIn">
<arg>⚠️ Submit button not found — skipping click</arg>
<doc>Logs the given message to the console.</doc>
<status status="NOT RUN" start="2025-05-01T10:54:14.538108" elapsed="0.000076"/>
</kw>
<status status="NOT RUN" start="2025-05-01T10:54:14.537905" elapsed="0.000357"/>
</branch>
<status status="PASS" start="2025-05-01T10:54:14.199859" elapsed="0.338469"/>
</if>
<status status="PASS" start="2025-05-01T10:54:14.173313" elapsed="0.365077"/>
</kw>
<kw name="Create List" owner="BuiltIn">
<msg time="2025-05-01T10:54:14.538747" level="INFO">@{missing_alerts} = [ ]</msg>
<var>@{missing_alerts}</var>
<doc>Returns a list containing given items.</doc>
<status status="PASS" start="2025-05-01T10:54:14.538516" elapsed="0.000344"/>
</kw>
<kw name="Get WebElements" owner="SeleniumLibrary">
<msg time="2025-05-01T10:54:14.567091" level="INFO">@{required_labels} = [ ]</msg>
<var>@{required_labels}</var>
<arg>xpath=//label[contains(text(), '*')]</arg>
<doc>Returns a list of WebElement objects matching the ``locator``.</doc>
<status status="PASS" start="2025-05-01T10:54:14.538993" elapsed="0.028281"/>
</kw>
<kw name="Get Location" owner="SeleniumLibrary">
<msg time="2025-05-01T10:54:14.571722" level="INFO">${url} = https://lakewoodchevrolet.kinsta.cloud/financing/</msg>
<var>${url}</var>
<doc>Returns the current browser window URL.</doc>
<status status="PASS" start="2025-05-01T10:54:14.567482" elapsed="0.004421"/>
</kw>
<for flavor="IN">
<iter>
<kw name="Get Element Attribute" owner="SeleniumLibrary">
<var>${input_id}</var>
<arg>${label}</arg>
<arg>for</arg>
<doc>Returns the value of ``attribute`` from the element ``locator``.</doc>
<status status="NOT RUN" start="2025-05-01T10:54:14.572394" elapsed="0.000085"/>
</kw>
<kw name="Get WebElement" owner="SeleniumLibrary">
<var>${input}</var>
<arg>xpath=//*[@id="${input_id}"]</arg>
<doc>Returns the first WebElement matching the given ``locator``.</doc>
<status status="NOT RUN" start="2025-05-01T10:54:14.572600" elapsed="0.000086"/>
</kw>
<kw name="Get Text" owner="SeleniumLibrary">
<var>${placeholder}</var>
<arg>${input}</arg>
<doc>Returns the text value of the element identified by ``locator``.</doc>
<status status="NOT RUN" start="2025-05-01T10:54:14.572800" elapsed="0.000070"/>
</kw>
<kw name="Run Keyword And Return Status" owner="BuiltIn">
<var>${error_visible}</var>
<arg>Element Should Be Visible</arg>
<arg>xpath=//*[@id="${input_id}"]/ancestor::nf-field//div[contains(@class, "nf-error")]</arg>
<doc>Runs the given keyword with given arguments and returns the status as a Boolean value.</doc>
<status status="NOT RUN" start="2025-05-01T10:54:14.572990" elapsed="0.000080"/>
</kw>
<if>
<branch type="IF" condition="not ${error_visible}">
<kw name="Append To List" owner="Collections">
<arg>${missing_alerts}</arg>
<arg>${url} &gt; ${placeholder}</arg>
<doc>Adds ``values`` to the end of ``list``.</doc>
<status status="NOT RUN" start="2025-05-01T10:54:14.573278" elapsed="0.000072"/>
</kw>
<status status="NOT RUN" start="2025-05-01T10:54:14.573167" elapsed="0.000255"/>
</branch>
<status status="NOT RUN" start="2025-05-01T10:54:14.573148" elapsed="0.000344"/>
</if>
<kw name="Log To Console" owner="BuiltIn">
<arg>✅ ${url} &gt; Field '${placeholder}' has required error container</arg>
<doc>Logs the given message to the console.</doc>
<status status="NOT RUN" start="2025-05-01T10:54:14.573555" elapsed="0.000075"/>
</kw>
<var name="${label}"/>
<status status="NOT RUN" start="2025-05-01T10:54:14.572242" elapsed="0.001470"/>
</iter>
<var>${label}</var>
<value>@{required_labels}</value>
<status status="NOT RUN" start="2025-05-01T10:54:14.572024" elapsed="0.001765"/>
</for>
<if>
<branch type="IF" condition="${missing_alerts} != []">
<kw name="Log Many" owner="BuiltIn">
<arg>❌ Missing alert container for the following fields:\n${missing_alerts}</arg>
<doc>Logs the given messages as separate entries using the INFO level.</doc>
<status status="NOT RUN" start="2025-05-01T10:54:14.574084" elapsed="0.000064"/>
</kw>
<status status="NOT RUN" start="2025-05-01T10:54:14.573897" elapsed="0.000321"/>
</branch>
<status status="PASS" start="2025-05-01T10:54:14.573882" elapsed="0.000402"/>
</if>
<arg>${url}</arg>
<status status="PASS" start="2025-05-01T10:54:14.172759" elapsed="0.401575"/>
</kw>
<arg>${VALIDATION_KEYWORD}</arg>
<arg>${url}</arg>
<doc>Executes the given keyword with the given arguments.</doc>
<status status="PASS" start="2025-05-01T10:54:14.172340" elapsed="0.402084"/>
</kw>
<var name="${url}">https://lakewoodchevrolet.kinsta.cloud/financing/</var>
<status status="PASS" start="2025-05-01T10:54:13.569594" elapsed="1.004900"/>
</iter>
<iter>
<kw name="Run Keyword If" owner="BuiltIn">
<arg>'${url}' == ''</arg>
<arg>Continue For Loop</arg>
<doc>Runs the given keyword with the given arguments, if ``condition`` is true.</doc>
<status status="PASS" start="2025-05-01T10:54:14.574760" elapsed="0.000181"/>
</kw>
<kw name="Go To" owner="SeleniumLibrary">
<msg time="2025-05-01T10:54:14.575207" level="INFO">Opening url 'https://lakewoodchevrolet.kinsta.cloud/in-house-lending/'</msg>
<arg>${url}</arg>
<doc>Navigates the current browser window to the provided ``url``.</doc>
[...]
<var>@{required_labels}</var>
<arg>xpath=//label[contains(text(), '*')]</arg>
<doc>Returns a list of WebElement objects matching the ``locator``.</doc>
<status status="PASS" start="2025-05-01T10:54:36.408016" elapsed="0.032802"/>
</kw>
<kw name="Get Location" owner="SeleniumLibrary">
<msg time="2025-05-01T10:54:36.452099" level="INFO">${url} = https://lakewoodchevrolet.kinsta.cloud/we-want-to-buy-your-car/</msg>
<var>${url}</var>
<doc>Returns the current browser window URL.</doc>
<status status="PASS" start="2025-05-01T10:54:36.441016" elapsed="0.011364"/>
</kw>
<for flavor="IN">
<iter>
<kw name="Get Element Attribute" owner="SeleniumLibrary">
<var>${input_id}</var>
<arg>${label}</arg>
<arg>for</arg>
<doc>Returns the value of ``attribute`` from the element ``locator``.</doc>
<status status="NOT RUN" start="2025-05-01T10:54:36.452973" elapsed="0.000087"/>
</kw>
<kw name="Get WebElement" owner="SeleniumLibrary">
<var>${input}</var>
<arg>xpath=//*[@id="${input_id}"]</arg>
<doc>Returns the first WebElement matching the given ``locator``.</doc>
<status status="NOT RUN" start="2025-05-01T10:54:36.453176" elapsed="0.000070"/>
</kw>
<kw name="Get Text" owner="SeleniumLibrary">
<var>${placeholder}</var>
<arg>${input}</arg>
<doc>Returns the text value of the element identified by ``locator``.</doc>
<status status="NOT RUN" start="2025-05-01T10:54:36.453353" elapsed="0.000069"/>
</kw>
<kw name="Run Keyword And Return Status" owner="BuiltIn">
<var>${error_visible}</var>
<arg>Element Should Be Visible</arg>
<arg>xpath=//*[@id="${input_id}"]/ancestor::nf-field//div[contains(@class, "nf-error")]</arg>
<doc>Runs the given keyword with given arguments and returns the status as a Boolean value.</doc>
<status status="NOT RUN" start="2025-05-01T10:54:36.453543" elapsed="0.000096"/>
</kw>
<if>
<branch type="IF" condition="not ${error_visible}">
<kw name="Append To List" owner="Collections">
<arg>${missing_alerts}</arg>
<arg>${url} &gt; ${placeholder}</arg>
<doc>Adds ``values`` to the end of ``list``.</doc>
<status status="NOT RUN" start="2025-05-01T10:54:36.453853" elapsed="0.000068"/>
</kw>
<status status="NOT RUN" start="2025-05-01T10:54:36.453742" elapsed="0.000248"/>
</branch>
<status status="NOT RUN" start="2025-05-01T10:54:36.453721" elapsed="0.000341"/>
</if>
<kw name="Log To Console" owner="BuiltIn">
<arg>✅ ${url} &gt; Field '${placeholder}' has required error container</arg>
<doc>Logs the given message to the console.</doc>
<status status="NOT RUN" start="2025-05-01T10:54:36.454126" elapsed="0.000062"/>
</kw>
<var name="${label}"/>
<status status="NOT RUN" start="2025-05-01T10:54:36.452800" elapsed="0.001455"/>
</iter>
<var>${label}</var>
<value>@{required_labels}</value>
<status status="NOT RUN" start="2025-05-01T10:54:36.452537" elapsed="0.001792"/>
</for>
<if>
<branch type="IF" condition="${missing_alerts} != []">
<kw name="Log Many" owner="BuiltIn">
<arg>❌ Missing alert container for the following fields:\n${missing_alerts}</arg>
<doc>Logs the given messages as separate entries using the INFO level.</doc>
<status status="NOT RUN" start="2025-05-01T10:54:36.454607" elapsed="0.000073"/>
</kw>
<status status="NOT RUN" start="2025-05-01T10:54:36.454430" elapsed="0.000324"/>
</branch>
<status status="PASS" start="2025-05-01T10:54:36.454416" elapsed="0.000400"/>
</if>
<arg>${url}</arg>
<status status="PASS" start="2025-05-01T10:54:36.196489" elapsed="0.258379"/>
</kw>
<arg>${VALIDATION_KEYWORD}</arg>
<arg>${url}</arg>
<doc>Executes the given keyword with the given arguments.</doc>
<status status="PASS" start="2025-05-01T10:54:36.195163" elapsed="0.259802"/>
</kw>
<var name="${url}">https://lakewoodchevrolet.kinsta.cloud/we-want-to-buy-your-car/</var>
<status status="PASS" start="2025-05-01T10:54:35.186115" elapsed="1.268919"/>
</iter>
<iter>
<kw name="Run Keyword If" owner="BuiltIn">
<arg>'${url}' == ''</arg>
<arg>Continue For Loop</arg>
<doc>Runs the given keyword with the given arguments, if ``condition`` is true.</doc>
<status status="PASS" start="2025-05-01T10:54:36.455267" elapsed="0.000178"/>
</kw>
<kw name="Go To" owner="SeleniumLibrary">
<msg time="2025-05-01T10:54:36.455712" level="INFO">Opening url 'https://lakewoodchevrolet.kinsta.cloud/wheels-and-tires/'</msg>
<arg>${url}</arg>
<doc>Navigates the current browser window to the provided ``url``.</doc>
<status status="PASS" start="2025-05-01T10:54:36.455559" elapsed="0.661152"/>
</kw>
<kw name="Log To Console" owner="BuiltIn">
<arg>🔍 Checking: ${url}</arg>
<doc>Logs the given message to the console.</doc>
<status status="PASS" start="2025-05-01T10:54:37.117117" elapsed="0.000741"/>
</kw>
<kw name="Run Keyword" owner="BuiltIn">
<kw name="Validate if the mandatory alerts are present" owner="keywords">
<kw name="Click on the submit button" owner="global-keywords">
<kw name="Run Keyword And Return Status" owner="BuiltIn">
<kw name="Element Should Be Visible" owner="SeleniumLibrary">
<msg time="2025-05-01T10:54:37.156904" level="INFO">Element '//input[@type="submit"]' is displayed.</msg>
<arg>${PLACEHOLDERS["SUBMIT BUTTON"]}</arg>
<arg>5s</arg>
<doc>Verifies that the element identified by ``locator`` is visible.</doc>
<status status="PASS" start="2025-05-01T10:54:37.124426" elapsed="0.032671"/>
</kw>
<msg time="2025-05-01T10:54:37.157256" level="INFO">${is_present} = True</msg>
<var>${is_present}</var>
<arg>Element Should Be Visible</arg>
<arg>${PLACEHOLDERS["SUBMIT BUTTON"]}</arg>
<arg>5s</arg>
<doc>Runs the given keyword with given arguments and returns the status as a Boolean value.</doc>
<status status="PASS" start="2025-05-01T10:54:37.123508" elapsed="0.033809"/>
</kw>
<if>
<branch type="IF" condition="${is_present}">
<kw name="Wait Until Keyword Succeeds" owner="BuiltIn">
<kw name="Element Should Be Enabled" owner="SeleniumLibrary">
<arg>${PLACEHOLDERS["SUBMIT BUTTON"]}</arg>
<doc>Verifies that element identified by ``locator`` is enabled.</doc>
<status status="PASS" start="2025-05-01T10:54:37.157876" elapsed="0.029675"/>
</kw>
<arg>5x</arg>
<arg>1s</arg>
<arg>Element Should Be Enabled</arg>
<arg>${PLACEHOLDERS["SUBMIT BUTTON"]}</arg>
<doc>Runs the specified keyword and retries if it fails.</doc>
<status status="PASS" start="2025-05-01T10:54:37.157650" elapsed="0.030192"/>
</kw>
<kw name="Click Button" owner="SeleniumLibrary">
<msg time="2025-05-01T10:54:37.188606" level="INFO">Clicking button '//input[@type="submit"]'.</msg>
<arg>${PLACEHOLDERS["SUBMIT BUTTON"]}</arg>
<doc>Clicks the button identified by ``locator``.</doc>
<status status="PASS" start="2025-05-01T10:54:37.188129" elapsed="0.162832"/>
</kw>
<status status="PASS" start="2025-05-01T10:54:37.157436" elapsed="0.193723"/>
</branch>
<branch type="ELSE">
<kw name="Log To Console" owner="BuiltIn">
<arg>⚠️ Submit button not found — skipping click</arg>
<doc>Logs the given message to the console.</doc>
<status status="NOT RUN" start="2025-05-01T10:54:37.351741" elapsed="0.000088"/>
</kw>
<status status="NOT RUN" start="2025-05-01T10:54:37.351426" elapsed="0.000495"/>
</branch>
<status status="PASS" start="2025-05-01T10:54:37.157409" elapsed="0.194582"/>
</if>
<status status="PASS" start="2025-05-01T10:54:37.122068" elapsed="0.230004"/>
</kw>
<kw name="Create List" owner="BuiltIn">
<msg time="2025-05-01T10:54:37.352447" level="INFO">@{missing_alerts} = [ ]</msg>
<var>@{missing_alerts}</var>
<doc>Returns a list containing given items.</doc>
<status status="PASS" start="2025-05-01T10:54:37.352210" elapsed="0.000377"/>
</kw>
<kw name="Get WebElements" owner="SeleniumLibrary">
<msg time="2025-05-01T10:54:37.367146" level="INFO">@{required_labels} = [ ]</msg>
<var>@{required_labels}</var>
<arg>xpath=//label[contains(text(), '*')]</arg>
<doc>Returns a list of WebElement objects matching the ``locator``.</doc>
<status status="PASS" start="2025-05-01T10:54:37.352788" elapsed="0.014575"/>
</kw>
<kw name="Get Location" owner="SeleniumLibrary">
<msg time="2025-05-01T10:54:37.371970" level="INFO">${url} = https://lakewoodchevrolet.kinsta.cloud/wheels-and-tires/</msg>
<var>${url}</var>
<doc>Returns the current browser window URL.</doc>
<status status="PASS" start="2025-05-01T10:54:37.367610" elapsed="0.004531"/>
</kw>
<for flavor="IN">
<iter>
<kw name="Get Element Attribute" owner="SeleniumLibrary">
<var>${input_id}</var>
<arg>${label}</arg>
<arg>for</arg>
<doc>Returns the value of ``attribute`` from the element ``locator``.</doc>
<status status="NOT RUN" start="2025-05-01T10:54:37.372643" elapsed="0.000089"/>
</kw>
<kw name="Get WebElement" owner="SeleniumLibrary">
<var>${input}</var>
<arg>xpath=//*[@id="${input_id}"]</arg>
<doc>Returns the first WebElement matching the given ``locator``.</doc>
<status status="NOT RUN" start="2025-05-01T10:54:37.372853" elapsed="0.000076"/>
</kw>
<kw name="Get Text" owner="SeleniumLibrary">
<var>${placeholder}</var>
<arg>${input}</arg>
<doc>Returns the text value of the element identified by ``locator``.</doc>
<status status="NOT RUN" start="2025-05-01T10:54:37.373041" elapsed="0.000071"/>
</kw>
<kw name="Run Keyword And Return Status" owner="BuiltIn">
<var>${error_visible}</var>
<arg>Element Should Be Visible</arg>
<arg>xpath=//*[@id="${input_id}"]/ancestor::nf-field//div[contains(@class, "nf-error")]</arg>
<doc>Runs the given keyword with given arguments and returns the status as a Boolean value.</doc>
<status status="NOT RUN" start="2025-05-01T10:54:37.373233" elapsed="0.000076"/>
</kw>
<if>
<branch type="IF" condition="not ${error_visible}">
<kw name="Append To List" owner="Collections">
<arg>${missing_alerts}</arg>
<arg>${url} &gt; ${placeholder}</arg>
<doc>Adds ``values`` to the end of ``list``.</doc>
<status status="NOT RUN" start="2025-05-01T10:54:37.373520" elapsed="0.000073"/>
</kw>
<status status="NOT RUN" start="2025-05-01T10:54:37.373408" elapsed="0.000286"/>
</branch>
<status status="NOT RUN" start="2025-05-01T10:54:37.373389" elapsed="0.000376"/>
</if>
<kw name="Log To Console" owner="BuiltIn">
<arg>✅ ${url} &gt; Field '${placeholder}' has required error container</arg>
<doc>Logs the given message to the console.</doc>
<status status="NOT RUN" start="2025-05-01T10:54:37.373831" elapsed="0.000064"/>
</kw>
<var name="${label}"/>
<status status="NOT RUN" start="2025-05-01T10:54:37.372479" elapsed="0.001487"/>
</iter>
<var>${label}</var>
<value>@{required_labels}</value>
<status status="NOT RUN" start="2025-05-01T10:54:37.372259" elapsed="0.001782"/>
</for>
<if>
<branch type="IF" condition="${missing_alerts} != []">
<kw name="Log Many" owner="BuiltIn">
<arg>❌ Missing alert container for the following fields:\n${missing_alerts}</arg>
<doc>Logs the given messages as separate entries using the INFO level.</doc>
<status status="NOT RUN" start="2025-05-01T10:54:37.374335" elapsed="0.000077"/>
</kw>
<status status="NOT RUN" start="2025-05-01T10:54:37.374149" elapsed="0.000334"/>
</branch>
<status status="PASS" start="2025-05-01T10:54:37.374133" elapsed="0.000418"/>
</if>
<arg>${url}</arg>
<status status="PASS" start="2025-05-01T10:54:37.119807" elapsed="0.254797"/>
</kw>
<arg>${VALIDATION_KEYWORD}</arg>
<arg>${url}</arg>
<doc>Executes the given keyword with the given arguments.</doc>
<status status="PASS" start="2025-05-01T10:54:37.118427" elapsed="0.256286"/>
</kw>
<var name="${url}">https://lakewoodchevrolet.kinsta.cloud/wheels-and-tires/</var>
<status status="PASS" start="2025-05-01T10:54:36.455152" elapsed="0.919630"/>
</iter>
<iter>
<kw name="Run Keyword If" owner="BuiltIn">
<arg>'${url}' == ''</arg>
<arg>Continue For Loop</arg>
<doc>Runs the given keyword with the given arguments, if ``condition`` is true.</doc>
<status status="PASS" start="2025-05-01T10:54:37.375038" elapsed="0.000183"/>
</kw>
<kw name="Go To" owner="SeleniumLibrary">
<msg time="2025-05-01T10:54:37.375481" level="INFO">Opening url 'https://lakewoodchevrolet.kinsta.cloud/form/model-reserve-now/?vehicle_id=1284676'</msg>
<arg>${url}</arg>
<doc>Navigates the current browser window to the provided ``url``.</doc>
<status status="PASS" start="2025-05-01T10:54:37.375341" elapsed="3.144399"/>
</kw>
<kw name="Log To Console" owner="BuiltIn">
<arg>🔍 Checking: ${url}</arg>
<doc>Logs the given message to the console.</doc>
<status status="PASS" start="2025-05-01T10:54:40.520012" elapsed="0.000414"/>
</kw>
<kw name="Run Keyword" owner="BuiltIn">
<kw name="Validate if the mandatory alerts are present" owner="keywords">
<kw name="Click on the submit button" owner="global-keywords">
<kw name="Run Keyword And Return Status" owner="BuiltIn">
<kw name="Element Should Be Visible" owner="SeleniumLibrary">
<msg time="2025-05-01T10:54:40.543089" level="INFO">Element '//input[@type="submit"]' is displayed.</msg>
<arg>${PLACEHOLDERS["SUBMIT BUTTON"]}</arg>
<arg>5s</arg>
<doc>Verifies that the element identified by ``locator`` is visible.</doc>
<status status="PASS" start="2025-05-01T10:54:40.522235" elapsed="0.021596"/>
</kw>
<msg time="2025-05-01T10:54:40.544249" level="INFO">${is_present} = True</msg>
<var>${is_present}</var>
<arg>Element Should Be Visible</arg>
<arg>${PLACEHOLDERS["SUBMIT BUTTON"]}</arg>
<arg>5s</arg>
<doc>Runs the given keyword with given arguments and returns the status as a Boolean value.</doc>
<status status="PASS" start="2025-05-01T10:54:40.522030" elapsed="0.022390"/>
</kw>
<if>
<branch type="IF" condition="${is_present}">
<kw name="Wait Until Keyword Succeeds" owner="BuiltIn">
<kw name="Element Should Be Enabled" owner="SeleniumLibrary">
<arg>${PLACEHOLDERS["SUBMIT BUTTON"]}</arg>
<doc>Verifies that element identified by ``locator`` is enabled.</doc>
<status status="PASS" start="2025-05-01T10:54:40.546005" elapsed="0.027374"/>
</kw>
<arg>5x</arg>
<arg>1s</arg>
<arg>Element Should Be Enabled</arg>
<arg>${PLACEHOLDERS["SUBMIT BUTTON"]}</arg>
<doc>Runs the specified keyword and retries if it fails.</doc>
<status status="PASS" start="2025-05-01T10:54:40.545423" elapsed="0.028115"/>
</kw>
<kw name="Click Button" owner="SeleniumLibrary">
<msg time="2025-05-01T10:54:40.574169" level="INFO">Clicking button '//input[@type="submit"]'.</msg>
<arg>${PLACEHOLDERS["SUBMIT BUTTON"]}</arg>
<doc>Clicks the button identified by ``locator``.</doc>
<status status="PASS" start="2025-05-01T10:54:40.573726" elapsed="0.112661"/>
</kw>
<status status="PASS" start="2025-05-01T10:54:40.544752" elapsed="0.142214"/>
</branch>
<branch type="ELSE">
<kw name="Log To Console" owner="BuiltIn">
<arg>⚠️ Submit button not found — skipping click</arg>
<doc>Logs the given message to the console.</doc>
<status status="NOT RUN" start="2025-05-01T10:54:40.687762" elapsed="0.000228"/>
</kw>
<status status="NOT RUN" start="2025-05-01T10:54:40.687170" elapsed="0.001030"/>
</branch>
<status status="PASS" start="2025-05-01T10:54:40.544662" elapsed="0.143650"/>
</if>
<status status="PASS" start="2025-05-01T10:54:40.521832" elapsed="0.166676"/>
</kw>
<kw name="Create List" owner="BuiltIn">
<msg time="2025-05-01T10:54:40.690197" level="INFO">@{missing_alerts} = [ ]</msg>
<var>@{missing_alerts}</var>
<doc>Returns a list containing given items.</doc>
<status status="PASS" start="2025-05-01T10:54:40.689356" elapsed="0.001251"/>
</kw>
<kw name="Get WebElements" owner="SeleniumLibrary">
<msg time="2025-05-01T10:54:40.756475" level="INFO">@{required_labels} = [ ]</msg>
<var>@{required_labels}</var>
<arg>xpath=//label[contains(text(), '*')]</arg>
<doc>Returns a list of WebElement objects matching the ``locator``.</doc>
<status status="PASS" start="2025-05-01T10:54:40.691149" elapsed="0.065748"/>
</kw>
<kw name="Get Location" owner="SeleniumLibrary">
<msg time="2025-05-01T10:54:40.772220" level="INFO">${url} = https://lakewoodchevrolet.kinsta.cloud/form/model-reserve-now/?vehicle_id=1284676</msg>
<var>${url}</var>
<doc>Returns the current browser window URL.</doc>
<status status="PASS" start="2025-05-01T10:54:40.757246" elapsed="0.015198"/>
</kw>
<for flavor="IN">
<iter>
<kw name="Get Element Attribute" owner="SeleniumLibrary">
<var>${input_id}</var>
<arg>${label}</arg>
<arg>for</arg>
<doc>Returns the value of ``attribute`` from the element ``locator``.</doc>
<status status="NOT RUN" start="2025-05-01T10:54:40.773027" elapsed="0.000092"/>
</kw>
<kw name="Get WebElement" owner="SeleniumLibrary">
<var>${input}</var>
<arg>xpath=//*[@id="${input_id}"]</arg>
<doc>Returns the first WebElement matching the given ``locator``.</doc>
<status status="NOT RUN" start="2025-05-01T10:54:40.773242" elapsed="0.000073"/>
</kw>
<kw name="Get Text" owner="SeleniumLibrary">
<var>${placeholder}</var>
<arg>${input}</arg>
<doc>Returns the text value of the element identified by ``locator``.</doc>
<status status="NOT RUN" start="2025-05-01T10:54:40.773428" elapsed="0.000070"/>
</kw>
<kw name="Run Keyword And Return Status" owner="BuiltIn">
<var>${error_visible}</var>
<arg>Element Should Be Visible</arg>
<arg>xpath=//*[@id="${input_id}"]/ancestor::nf-field//div[contains(@class, "nf-error")]</arg>
<doc>Runs the given keyword with given arguments and returns the status as a Boolean value.</doc>
<status status="NOT RUN" start="2025-05-01T10:54:40.773630" elapsed="0.000080"/>
</kw>
<if>
<branch type="IF" condition="not ${error_visible}">
<kw name="Append To List" owner="Collections">
<arg>${missing_alerts}</arg>
<arg>${url} &gt; ${placeholder}</arg>
<doc>Adds ``values`` to the end of ``list``.</doc>
<status status="NOT RUN" start="2025-05-01T10:54:40.774105" elapsed="0.000072"/>
</kw>
<status status="NOT RUN" start="2025-05-01T10:54:40.773811" elapsed="0.000436"/>
</branch>
<status status="NOT RUN" start="2025-05-01T10:54:40.773790" elapsed="0.000539"/>
</if>
<kw name="Log To Console" owner="BuiltIn">
<arg>✅ ${url} &gt; Field '${placeholder}' has required error container</arg>
<doc>Logs the given message to the console.</doc>
<status status="NOT RUN" start="2025-05-01T10:54:40.774394" elapsed="0.000064"/>
</kw>
<var name="${label}"/>
<status status="NOT RUN" start="2025-05-01T10:54:40.772861" elapsed="0.001665"/>
</iter>
<var>${label}</var>
<value>@{required_labels}</value>
<status status="NOT RUN" start="2025-05-01T10:54:40.772590" elapsed="0.002011"/>
</for>
<if>
<branch type="IF" condition="${missing_alerts} != []">
<kw name="Log Many" owner="BuiltIn">
<arg>❌ Missing alert container for the following fields:\n${missing_alerts}</arg>
<doc>Logs the given messages as separate entries using the INFO level.</doc>
<status status="NOT RUN" start="2025-05-01T10:54:40.774918" elapsed="0.000063"/>
</kw>
<status status="NOT RUN" start="2025-05-01T10:54:40.774722" elapsed="0.000331"/>
</branch>
<status status="PASS" start="2025-05-01T10:54:40.774704" elapsed="0.000434"/>
</if>
<arg>${url}</arg>
<status status="PASS" start="2025-05-01T10:54:40.521372" elapsed="0.253823"/>
</kw>
<arg>${VALIDATION_KEYWORD}</arg>
<arg>${url}</arg>
<doc>Executes the given keyword with the given arguments.</doc>
<status status="PASS" start="2025-05-01T10:54:40.520717" elapsed="0.254566"/>
</kw>
<var name="${url}">https://lakewoodchevrolet.kinsta.cloud/form/model-reserve-now/?vehicle_id=1284676</var>
<status status="PASS" start="2025-05-01T10:54:37.374909" elapsed="3.400442"/>
</iter>
<var>${url}</var>
<value>@{urls}</value>
<status status="PASS" start="2025-05-01T10:54:04.981613" elapsed="35.793820"/>
</for>
<kw name="Close Browser" owner="SeleniumLibrary">
<doc>Closes the current browser.</doc>
<status status="PASS" start="2025-05-01T10:54:40.775561" elapsed="0.094723"/>
</kw>
<arg>${SPREADSHEET_PATH}</arg>
<arg>Validate if the mandatory alerts are present</arg>
<status status="PASS" start="2025-05-01T10:54:04.020532" elapsed="36.849994"/>
</kw>
<status status="PASS" start="2025-05-01T10:54:04.019755" elapsed="36.851125"/>
</test>
<status status="PASS" start="2025-05-01T10:54:03.634202" elapsed="37.237384"/>
</suite>
<statistics>
<total>
<stat pass="1" fail="0" skip="0">All Tests</stat>
</total>
<tag>
</tag>
<suite>
<stat name="scenario01-Validate mandatory alert texts" id="s1" pass="1" fail="0" skip="0">scenario01-Validate mandatory alert texts</stat>
</suite>
</statistics>
<errors>
</errors>
</robot>
