<?xml version="1.0" encoding="UTF-8"?>
<robot generator="Robot 7.2.2 (Python 3.12.3 on linux)" generated="2025-04-11T17:52:04.442500" rpa="false" schemaversion="5">
<suite id="s1" name="scenario01-Validate FIRST NAME field as mandatory" source="/home/robinson/Desktop/LBHQ-Forms-automation-main/production-sites/toronto-lincoln/scenarios/scenario01-Validate FIRST NAME field as mandatory.robot">
<test id="s1-t1" name="Case01: Validate FIRST NAME field as mandatory" line="10">
<kw name="Load the page" owner="keywords">
<kw name="Open Browser" owner="SeleniumLibrary">
<msg time="2025-04-11T17:52:05.746082" level="INFO">Opening browser 'chrome' to base url 'https://torontolincolndealers.com/contact-us/'.</msg>
<arg>${BASE_URL}</arg>
<arg>chrome</arg>
<doc>Opens a new browser instance to the optional ``url``.</doc>
<status status="PASS" start="2025-04-11T17:52:05.745592" elapsed="5.797075"/>
</kw>
<status status="PASS" start="2025-04-11T17:52:05.744415" elapsed="5.798800"/>
</kw>
<kw name="Fill last name field" owner="keywords">
<kw name="Input Text" owner="SeleniumLibrary">
<msg time="2025-04-11T17:52:11.546509" level="INFO">Typing text 'LBHQQA_LAST_NAME' into text field 'xpath=//input[@placeholder="LAST NAME (*)"]'.</msg>
<arg>${input_last_name_by_placeholder}</arg>
<arg>LBHQQA_LAST_NAME</arg>
<doc>Types the given ``text`` into the text field identified by ``locator``.</doc>
<status status="PASS" start="2025-04-11T17:52:11.545626" elapsed="0.306071"/>
</kw>
<status status="PASS" start="2025-04-11T17:52:11.544802" elapsed="0.307240"/>
</kw>
<kw name="Fill email field" owner="keywords">
<kw name="Input Text" owner="SeleniumLibrary">
<msg time="2025-04-11T17:52:11.853569" level="INFO">Typing text 'robinson@leadboxhq.com' into text field 'xpath=//input[@placeholder="EMAIL (*)"]'.</msg>
<arg>${input_email_by_placeholder}</arg>
<arg>robinson@leadboxhq.com</arg>
<doc>Types the given ``text`` into the text field identified by ``locator``.</doc>
<status status="PASS" start="2025-04-11T17:52:11.853124" elapsed="0.300493"/>
</kw>
<status status="PASS" start="2025-04-11T17:52:11.852575" elapsed="0.301413"/>
</kw>
<kw name="Fill phone field" owner="keywords">
<kw name="Input Text" owner="SeleniumLibrary">
<msg time="2025-04-11T17:52:12.155878" level="INFO">Typing text '1111111111' into text field 'xpath=//input[@placeholder="PHONE"]'.</msg>
<arg>${input_phone_by_placeholder}</arg>
<arg>1111111111</arg>
<doc>Types the given ``text`` into the text field identified by ``locator``.</doc>
<status status="PASS" start="2025-04-11T17:52:12.155314" elapsed="0.257945"/>
</kw>
<status status="PASS" start="2025-04-11T17:52:12.154497" elapsed="0.259185"/>
</kw>
<kw name="Fill postal code" owner="keywords">
<kw name="Input Text" owner="SeleniumLibrary">
<msg time="2025-04-11T17:52:12.415499" level="INFO">Typing text 'M4M 2A5' into text field 'xpath=//input[@placeholder="POSTAL CODE (*)"]'.</msg>
<arg>${postal_code_input_by_placeholder}</arg>
<arg>M4M 2A5</arg>
<doc>Types the given ``text`` into the text field identified by ``locator``.</doc>
<status status="PASS" start="2025-04-11T17:52:12.414710" elapsed="0.204598"/>
</kw>
<status status="PASS" start="2025-04-11T17:52:12.414192" elapsed="0.205411"/>
</kw>
<kw name="Fill message" owner="keywords">
<kw name="Input Text" owner="SeleniumLibrary">
<msg time="2025-04-11T17:52:12.622320" level="INFO">Typing text 'AUTOMATED_TESTS_MESSAGE' into text field 'xpath=//textarea[@placeholder="MESSAGE (*)"]'.</msg>
<arg>${input_required_message_by_placeholder}</arg>
<arg>AUTOMATED_TESTS_MESSAGE</arg>
<doc>Types the given ``text`` into the text field identified by ``locator``.</doc>
<status status="PASS" start="2025-04-11T17:52:12.621663" elapsed="0.243765"/>
</kw>
<status status="PASS" start="2025-04-11T17:52:12.620904" elapsed="0.244912"/>
</kw>
<kw name="Click on the submit button" owner="keywords">
<kw name="Click Button" owner="SeleniumLibrary">
<msg time="2025-04-11T17:52:12.868728" level="INFO">Clicking button 'xpath=//input[@type="submit"]'.</msg>
<arg>${click_button_by_id}</arg>
<doc>Clicks the button identified by ``locator``.</doc>
<status status="PASS" start="2025-04-11T17:52:12.868330" elapsed="0.254260"/>
</kw>
<kw name="Sleep" owner="BuiltIn">
<msg time="2025-04-11T17:52:14.123675" level="INFO">Slept 1 second.</msg>
<arg>1s</arg>
<doc>Pauses the test executed for the given time.</doc>
<status status="PASS" start="2025-04-11T17:52:13.123059" elapsed="1.001111"/>
</kw>
<status status="PASS" start="2025-04-11T17:52:12.867381" elapsed="1.257106"/>
</kw>
<kw name="Wait Until Element Is Visible" owner="SeleniumLibrary">
<arg>${read_alert_text}</arg>
<arg>timeout=0.1s</arg>
<doc>Waits until the element ``locator`` is visible.</doc>
<status status="PASS" start="2025-04-11T17:52:14.125022" elapsed="0.108712"/>
</kw>
<kw name="Visualize a mandatory warning" owner="keywords">
<kw name="Get Text" owner="SeleniumLibrary">
<msg time="2025-04-11T17:52:14.302911" level="INFO">${alert} = This is a required field.</msg>
<var>${alert}</var>
<arg>${read_alert_text}</arg>
<doc>Returns the text value of the element identified by ``locator``.</doc>
<status status="PASS" start="2025-04-11T17:52:14.235237" elapsed="0.067957"/>
</kw>
<kw name="Should Be Equal As Strings" owner="BuiltIn">
<arg>${alert}</arg>
<arg>This is a required field.</arg>
<doc>Fails if objects are unequal after converting them to strings.</doc>
<status status="PASS" start="2025-04-11T17:52:14.303500" elapsed="0.000419"/>
</kw>
<status status="PASS" start="2025-04-11T17:52:14.234675" elapsed="0.069452"/>
</kw>
<kw name="Close Browser" owner="SeleniumLibrary">
<doc>Closes the current browser.</doc>
<status status="PASS" start="2025-04-11T17:52:14.304877" elapsed="0.196877"/>
</kw>
<status status="PASS" start="2025-04-11T17:52:05.743395" elapsed="8.760620"/>
</test>
<status status="PASS" start="2025-04-11T17:52:04.448852" elapsed="10.062928"/>
</suite>
<statistics>
<total>
<stat pass="1" fail="0" skip="0">All Tests</stat>
</total>
<tag>
</tag>
<suite>
<stat name="scenario01-Validate FIRST NAME field as mandatory" id="s1" pass="1" fail="0" skip="0">scenario01-Validate FIRST NAME field as mandatory</stat>
</suite>
</statistics>
<errors>
</errors>
</robot>
